#
# A fatal error has been detected by the Java Runtime Environment:
#
#  EXCEPTION_ACCESS_VIOLATION (0xc0000005) at pc=0x00007ffd83f9c59a, pid=24740, tid=24148
#
# JRE version: OpenJDK Runtime Environment (22.0.2+9) (build 22.0.2+9-70)
# Java VM: OpenJDK 64-Bit Server VM (22.0.2+9-70, mixed mode, sharing, tiered, compressed oops, compressed class ptrs, g1 gc, windows-amd64)
# Problematic frame:
# C  [lwjgl_opengl.dll+0xc59a]
#
# No core dump will be written. Minidumps are not enabled by default on client versions of Windows
#
# If you would like to submit a bug report, please visit:
#   https://bugreport.java.com/bugreport/crash.jsp
# The crash happened outside the Java Virtual Machine in native code.
# See problematic frame for where to report the bug.
#

---------------  S U M M A R Y ------------

Command Line: -javaagent:C:\Program Files\JetBrains\IntelliJ IDEA 2024.2.1\lib\idea_rt.jar=50581:C:\Program Files\JetBrains\IntelliJ IDEA 2024.2.1\bin -Dfile.encoding=UTF-8 -Dsun.stdout.encoding=UTF-8 -Dsun.stderr.encoding=UTF-8 pkgDriver.csc133Driver

Host: 11th Gen Intel(R) Core(TM) i7-11800H @ 2.30GHz, 16 cores, 15G,  Windows 11 , 64 bit Build 22621 (10.0.22621.3958)
Time: Thu Oct  3 13:58:52 2024 Pacific Daylight Time elapsed time: 0.385099 seconds (0d 0h 0m 0s)

---------------  T H R E A D  ---------------

Current thread (0x000001d1c72596f0):  JavaThread "main"             [_thread_in_native, id=24148, stack(0x0000008585400000,0x0000008585500000) (1024K)]

Stack: [0x0000008585400000,0x0000008585500000],  sp=0x00000085854ff2e8,  free space=1020k
Native frames: (J=compiled Java code, j=interpreted, Vv=VM code, C=native code)
C  [lwjgl_opengl.dll+0xc59a]  (no source info available)

Java frames: (J=compiled Java code, j=interpreted, Vv=VM code)
j  org.lwjgl.opengl.GL11C.glClear(I)V+0
j  org.lwjgl.opengl.GL11.glClear(I)V+1
j  pkgSlUtils.slWindowManager.initGLFWWindow(IILjava/lang/String;)V+87
j  pkgDriver.csc133Driver.main([Ljava/lang/String;)V+19
v  ~StubRoutines::call_stub 0x000001d1d8c7100d

siginfo: EXCEPTION_ACCESS_VIOLATION (0xc0000005), reading address 0x0000000000000060


Registers:
RAX=0x000001d1c590d520, RBX=0x000001d1c174b508, RCX=0x0000000000004000, RDX=0x0000000000000000
RSP=0x00000085854ff2e8, RBP=0x00000085854ff360, RSI=0x0000000000000118, RDI=0x000001d1d8c788c0
R8 =0x0000000000004000, R9 =0x0000000000000002, R10=0x000001d1d8c7d098, R11=0x00000007126cd760
R12=0x0000000000000000, R13=0x000001d1c174b500, R14=0x00000085854ff380, R15=0x000001d1c72596f0
RIP=0x00007ffd83f9c59a, EFLAGS=0x0000000000010202


Register to memory mapping:

RAX=0x000001d1c590d520 points into unknown readable memory: 0x0000000000000000 | 00 00 00 00 00 00 00 00
RBX={method} {0x000001d1c174b510} 'glClear' '(I)V' in 'org/lwjgl/opengl/GL11C'
RCX=0x0000000000004000 is an unknown value
RDX=0x0 is null
RSP=0x00000085854ff2e8 is pointing into the stack for thread: 0x000001d1c72596f0
RBP=0x00000085854ff360 is pointing into the stack for thread: 0x000001d1c72596f0
RSI=0x0000000000000118 is an unknown value
RDI=0x000001d1d8c788c0 is at code_begin+1280 in an Interpreter codelet
return entry points  [0x000001d1d8c783c0, 0x000001d1d8c79050]  3216 bytes
R8 =0x0000000000004000 is an unknown value
R9 =0x0000000000000002 is an unknown value
R10=0x000001d1d8c7d098 is at code_begin+1016 in an Interpreter codelet
native method entry point (kind = native)  [0x000001d1d8c7cca0, 0x000001d1d8c7d8c0]  3104 bytes
R11=0x00000007126cd760 is an oop: java.lang.Class 
{0x00000007126cd760} - klass: 'java/lang/Class'
 - ---- fields (total size 116 words):
 - private volatile transient 'classRedefinedCount' 'I' @12  0 (0x00000000)
 - injected 'klass' 'J' @16  1999324178192 (0x000001d18101e710)
 - injected 'array_klass' 'J' @24  0 (0x0000000000000000)
 - injected 'oop_size' 'I' @32  116 (0x00000074)
 - injected 'static_oop_field_count' 'I' @36  0 (0x00000000)
 - private volatile transient 'cachedConstructor' 'Ljava/lang/reflect/Constructor;' @40  null (0x00000000)
 - private transient 'name' 'Ljava/lang/String;' @44  "org.lwjgl.opengl.GL11C"{0x00000007126cdb00} (0xe24d9b60)
 - private transient 'module' 'Ljava/lang/Module;' @48  a 'java/lang/Module'{0x00000007136743a0} (0xe26ce874)
 - private final 'classLoader' 'Ljava/lang/ClassLoader;' @52  a 'jdk/internal/loader/ClassLoaders$AppClassLoader'{0x00000007136741e0} (0xe26ce83c)
 - private transient 'classData' 'Ljava/lang/Object;' @56  null (0x00000000)
 - private transient 'packageName' 'Ljava/lang/String;' @60  "org.lwjgl.opengl"{0x0000000712d1d2b0} (0xe25a3a56)
 - private final 'componentType' 'Ljava/lang/Class;' @64  null (0x00000000)
 - private volatile transient 'reflectionData' 'Ljava/lang/ref/SoftReference;' @68  null (0x00000000)
 - private volatile transient 'genericInfo' 'Lsun/reflect/generics/repository/ClassRepository;' @72  null (0x00000000)
 - private volatile transient 'enumConstants' '[Ljava/lang/Object;' @76  null (0x00000000)
 - private volatile transient 'enumConstantDirectory' 'Ljava/util/Map;' @80  null (0x00000000)
 - private volatile transient 'annotationData' 'Ljava/lang/Class$AnnotationData;' @84  null (0x00000000)
 - private volatile transient 'annotationType' 'Lsun/reflect/annotation/AnnotationType;' @88  null (0x00000000)
 - transient 'classValueMap' 'Ljava/lang/ClassValue$ClassValueMap;' @92  null (0x00000000)
 - injected 'protection_domain' 'Ljava/lang/Object;' @96  a 'java/security/ProtectionDomain'{0x0000000712d5cd18} (0xe25ab9a3)
 - injected 'signers_name' 'Ljava/lang/Object;' @100  null (0x00000000)
 - injected 'source_file' 'Ljava/lang/Object;' @104  null (0x00000000)
 - signature: Lorg/lwjgl/opengl/GL11C;
 - ---- static fields (0):
 - public static final 'GL_NEVER' 'I' @112  512 (0x00000200)
 - public static final 'GL_LESS' 'I' @116  513 (0x00000201)
 - public static final 'GL_EQUAL' 'I' @120  514 (0x00000202)
 - public static final 'GL_LEQUAL' 'I' @124  515 (0x00000203)
 - public static final 'GL_GREATER' 'I' @128  516 (0x00000204)
 - public static final 'GL_NOTEQUAL' 'I' @132  517 (0x00000205)
 - public static final 'GL_GEQUAL' 'I' @136  518 (0x00000206)
 - public static final 'GL_ALWAYS' 'I' @140  519 (0x00000207)
 - public static final 'GL_DEPTH_BUFFER_BIT' 'I' @144  256 (0x00000100)
 - public static final 'GL_STENCIL_BUFFER_BIT' 'I' @148  1024 (0x00000400)
 - public static final 'GL_COLOR_BUFFER_BIT' 'I' @152  16384 (0x00004000)
 - public static final 'GL_POINTS' 'I' @156  0 (0x00000000)
 - public static final 'GL_LINES' 'I' @160  1 (0x00000001)
 - public static final 'GL_LINE_LOOP' 'I' @164  2 (0x00000002)
 - public static final 'GL_LINE_STRIP' 'I' @168  3 (0x00000003)
 - public static final 'GL_TRIANGLES' 'I' @172  4 (0x00000004)
 - public static final 'GL_TRIANGLE_STRIP' 'I' @176  5 (0x00000005)
 - public static final 'GL_TRIANGLE_FAN' 'I' @180  6 (0x00000006)
 - public static final 'GL_QUADS' 'I' @184  7 (0x00000007)
 - public static final 'GL_ZERO' 'I' @188  0 (0x00000000)
 - public static final 'GL_ONE' 'I' @192  1 (0x00000001)
 - public static final 'GL_SRC_COLOR' 'I' @196  768 (0x00000300)
 - public static final 'GL_ONE_MINUS_SRC_COLOR' 'I' @200  769 (0x00000301)
 - public static final 'GL_SRC_ALPHA' 'I' @204  770 (0x00000302)
 - public static final 'GL_ONE_MINUS_SRC_ALPHA' 'I' @208  771 (0x00000303)
 - public static final 'GL_DST_ALPHA' 'I' @212  772 (0x00000304)
 - public static final 'GL_ONE_MINUS_DST_ALPHA' 'I' @216  773 (0x00000305)
 - public static final 'GL_DST_COLOR' 'I' @220  774 (0x00000306)
 - public static final 'GL_ONE_MINUS_DST_COLOR' 'I' @224  775 (0x00000307)
 - public static final 'GL_SRC_ALPHA_SATURATE' 'I' @228  776 (0x00000308)
 - public static final 'GL_TRUE' 'I' @232  1 (0x00000001)
 - public static final 'GL_FALSE' 'I' @236  0 (0x00000000)
 - public static final 'GL_BYTE' 'I' @240  5120 (0x00001400)
 - public static final 'GL_UNSIGNED_BYTE' 'I' @244  5121 (0x00001401)
 - public static final 'GL_SHORT' 'I' @248  5122 (0x00001402)
 - public static final 'GL_UNSIGNED_SHORT' 'I' @252  5123 (0x00001403)
 - public static final 'GL_INT' 'I' @256  5124 (0x00001404)
 - public static final 'GL_UNSIGNED_INT' 'I' @260  5125 (0x00001405)
 - public static final 'GL_FLOAT' 'I' @264  5126 (0x00001406)
 - public static final 'GL_DOUBLE' 'I' @268  5130 (0x0000140a)
 - public static final 'GL_NONE' 'I' @272  0 (0x00000000)
 - public static final 'GL_FRONT_LEFT' 'I' @276  1024 (0x00000400)
 - public static final 'GL_FRONT_RIGHT' 'I' @280  1025 (0x00000401)
 - public static final 'GL_BACK_LEFT' 'I' @284  1026 (0x00000402)
 - public static final 'GL_BACK_RIGHT' 'I' @288  1027 (0x00000403)
 - public static final 'GL_FRONT' 'I' @292  1028 (0x00000404)
 - public static final 'GL_BACK' 'I' @296  1029 (0x00000405)
 - public static final 'GL_LEFT' 'I' @300  1030 (0x00000406)
 - public static final 'GL_RIGHT' 'I' @304  1031 (0x00000407)
 - public static final 'GL_FRONT_AND_BACK' 'I' @308  1032 (0x00000408)
 - public static final 'GL_NO_ERROR' 'I' @312  0 (0x00000000)
 - public static final 'GL_INVALID_ENUM' 'I' @316  1280 (0x00000500)
 - public static final 'GL_INVALID_VALUE' 'I' @320  1281 (0x00000501)
 - public static final 'GL_INVALID_OPERATION' 'I' @324  1282 (0x00000502)
 - public static final 'GL_STACK_OVERFLOW' 'I' @328  1283 (0x00000503)
 - public static final 'GL_STACK_UNDERFLOW' 'I' @332  1284 (0x00000504)
 - public static final 'GL_OUT_OF_MEMORY' 'I' @336  1285 (0x00000505)
 - public static final 'GL_CW' 'I' @340  2304 (0x00000900)
 - public static final 'GL_CCW' 'I' @344  2305 (0x00000901)
 - public static final 'GL_POINT_SIZE' 'I' @348  2833 (0x00000b11)
 - public static final 'GL_POINT_SIZE_RANGE' 'I' @352  2834 (0x00000b12)
 - public static final 'GL_POINT_SIZE_GRANULARITY' 'I' @356  2835 (0x00000b13)
 - public static final 'GL_LINE_SMOOTH' 'I' @360  2848 (0x00000b20)
 - public static final 'GL_LINE_WIDTH' 'I' @364  2849 (0x00000b21)
 - public static final 'GL_LINE_WIDTH_RANGE' 'I' @368  2850 (0x00000b22)
 - public static final 'GL_LINE_WIDTH_GRANULARITY' 'I' @372  2851 (0x00000b23)
 - public static final 'GL_POLYGON_MODE' 'I' @376  2880 (0x00000b40)
 - public static final 'GL_POLYGON_SMOOTH' 'I' @380  2881 (0x00000b41)
 - public static final 'GL_CULL_FACE' 'I' @384  2884 (0x00000b44)
 - public static final 'GL_CULL_FACE_MODE' 'I' @388  2885 (0x00000b45)
 - public static final 'GL_FRONT_FACE' 'I' @392  2886 (0x00000b46)
 - public static final 'GL_DEPTH_RANGE' 'I' @396  2928 (0x00000b70)
 - public static final 'GL_DEPTH_TEST' 'I' @400  2929 (0x00000b71)
 - public static final 'GL_DEPTH_WRITEMASK' 'I' @404  2930 (0x00000b72)
 - public static final 'GL_DEPTH_CLEAR_VALUE' 'I' @408  2931 (0x00000b73)
 - public static final 'GL_DEPTH_FUNC' 'I' @412  2932 (0x00000b74)
 - public static final 'GL_STENCIL_TEST' 'I' @416  2960 (0x00000b90)
 - public static final 'GL_STENCIL_CLEAR_VALUE' 'I' @420  2961 (0x00000b91)
 - public static final 'GL_STENCIL_FUNC' 'I' @424  2962 (0x00000b92)
 - public static final 'GL_STENCIL_VALUE_MASK' 'I' @428  2963 (0x00000b93)
 - public static final 'GL_STENCIL_FAIL' 'I' @432  2964 (0x00000b94)
 - public static final 'GL_STENCIL_PASS_DEPTH_FAIL' 'I' @436  2965 (0x00000b95)
 - public static final 'GL_STENCIL_PASS_DEPTH_PASS' 'I' @440  2966 (0x00000b96)
 - public static final 'GL_STENCIL_REF' 'I' @444  2967 (0x00000b97)
 - public static final 'GL_STENCIL_WRITEMASK' 'I' @448  2968 (0x00000b98)
 - public static final 'GL_VIEWPORT' 'I' @452  2978 (0x00000ba2)
 - public static final 'GL_DITHER' 'I' @456  3024 (0x00000bd0)
 - public static final 'GL_BLEND_DST' 'I' @460  3040 (0x00000be0)
 - public static final 'GL_BLEND_SRC' 'I' @464  3041 (0x00000be1)
 - public static final 'GL_BLEND' 'I' @468  3042 (0x00000be2)
 - public static final 'GL_LOGIC_OP_MODE' 'I' @472  3056 (0x00000bf0)
 - public static final 'GL_COLOR_LOGIC_OP' 'I' @476  3058 (0x00000bf2)
 - public static final 'GL_DRAW_BUFFER' 'I' @480  3073 (0x00000c01)
 - public static final 'GL_READ_BUFFER' 'I' @484  3074 (0x00000c02)
 - public static final 'GL_SCISSOR_BOX' 'I' @488  3088 (0x00000c10)
 - public static final 'GL_SCISSOR_TEST' 'I' @492  3089 (0x00000c11)
 - public static final 'GL_COLOR_CLEAR_VALUE' 'I' @496  3106 (0x00000c22)
 - public static final 'GL_COLOR_WRITEMASK' 'I' @500  3107 (0x00000c23)
 - public static final 'GL_DOUBLEBUFFER' 'I' @504  3122 (0x00000c32)
 - public static final 'GL_STEREO' 'I' @508  3123 (0x00000c33)
 - public static final 'GL_LINE_SMOOTH_HINT' 'I' @512  3154 (0x00000c52)
 - public static final 'GL_POLYGON_SMOOTH_HINT' 'I' @516  3155 (0x00000c53)
 - public static final 'GL_UNPACK_SWAP_BYTES' 'I' @520  3312 (0x00000cf0)
 - public static final 'GL_UNPACK_LSB_FIRST' 'I' @524  3313 (0x00000cf1)
 - public static final 'GL_UNPACK_ROW_LENGTH' 'I' @528  3314 (0x00000cf2)
 - public static final 'GL_UNPACK_SKIP_ROWS' 'I' @532  3315 (0x00000cf3)
 - public static final 'GL_UNPACK_SKIP_PIXELS' 'I' @536  3316 (0x00000cf4)
 - public static final 'GL_UNPACK_ALIGNMENT' 'I' @540  3317 (0x00000cf5)
 - public static final 'GL_PACK_SWAP_BYTES' 'I' @544  3328 (0x00000d00)
 - public static final 'GL_PACK_LSB_FIRST' 'I' @548  3329 (0x00000d01)
 - public static final 'GL_PACK_ROW_LENGTH' 'I' @552  3330 (0x00000d02)
 - public static final 'GL_PACK_SKIP_ROWS' 'I' @556  3331 (0x00000d03)
 - public static final 'GL_PACK_SKIP_PIXELS' 'I' @560  3332 (0x00000d04)
 - public static final 'GL_PACK_ALIGNMENT' 'I' @564  3333 (0x00000d05)
 - public static final 'GL_MAX_TEXTURE_SIZE' 'I' @568  3379 (0x00000d33)
 - public static final 'GL_MAX_VIEWPORT_DIMS' 'I' @572  3386 (0x00000d3a)
 - public static final 'GL_SUBPIXEL_BITS' 'I' @576  3408 (0x00000d50)
 - public static final 'GL_TEXTURE_1D' 'I' @580  3552 (0x00000de0)
 - public static final 'GL_TEXTURE_2D' 'I' @584  3553 (0x00000de1)
 - public static final 'GL_TEXTURE_WIDTH' 'I' @588  4096 (0x00001000)
 - public static final 'GL_TEXTURE_HEIGHT' 'I' @592  4097 (0x00001001)
 - public static final 'GL_TEXTURE_INTERNAL_FORMAT' 'I' @596  4099 (0x00001003)
 - public static final 'GL_TEXTURE_BORDER_COLOR' 'I' @600  4100 (0x00001004)
 - public static final 'GL_DONT_CARE' 'I' @604  4352 (0x00001100)
 - public static final 'GL_FASTEST' 'I' @608  4353 (0x00001101)
 - public static final 'GL_NICEST' 'I' @612  4354 (0x00001102)
 - public static final 'GL_CLEAR' 'I' @616  5376 (0x00001500)
 - public static final 'GL_AND' 'I' @620  5377 (0x00001501)
 - public static final 'GL_AND_REVERSE' 'I' @624  5378 (0x00001502)
 - public static final 'GL_COPY' 'I' @628  5379 (0x00001503)
 - public static final 'GL_AND_INVERTED' 'I' @632  5380 (0x00001504)
 - public static final 'GL_NOOP' 'I' @636  5381 (0x00001505)
 - public static final 'GL_XOR' 'I' @640  5382 (0x00001506)
 - public static final 'GL_OR' 'I' @644  5383 (0x00001507)
 - public static final 'GL_NOR' 'I' @648  5384 (0x00001508)
 - public static final 'GL_EQUIV' 'I' @652  5385 (0x00001509)
 - public static final 'GL_INVERT' 'I' @656  5386 (0x0000150a)
 - public static final 'GL_OR_REVERSE' 'I' @660  5387 (0x0000150b)
 - public static final 'GL_COPY_INVERTED' 'I' @664  5388 (0x0000150c)
 - public static final 'GL_OR_INVERTED' 'I' @668  5389 (0x0000150d)
 - public static final 'GL_NAND' 'I' @672  5390 (0x0000150e)
 - public static final 'GL_SET' 'I' @676  5391 (0x0000150f)
 - public static final 'GL_TEXTURE' 'I' @680  5890 (0x00001702)
 - public static final 'GL_COLOR' 'I' @684  6144 (0x00001800)
 - public static final 'GL_DEPTH' 'I' @688  6145 (0x00001801)
 - public static final 'GL_STENCIL' 'I' @692  6146 (0x00001802)
 - public static final 'GL_STENCIL_INDEX' 'I' @696  6401 (0x00001901)
 - public static final 'GL_DEPTH_COMPONENT' 'I' @700  6402 (0x00001902)
 - public static final 'GL_RED' 'I' @704  6403 (0x00001903)
 - public static final 'GL_GREEN' 'I' @708  6404 (0x00001904)
 - public static final 'GL_BLUE' 'I' @712  6405 (0x00001905)
 - public static final 'GL_ALPHA' 'I' @716  6406 (0x00001906)
 - public static final 'GL_RGB' 'I' @720  6407 (0x00001907)
 - public static final 'GL_RGBA' 'I' @724  6408 (0x00001908)
 - public static final 'GL_POINT' 'I' @728  6912 (0x00001b00)
 - public static final 'GL_LINE' 'I' @732  6913 (0x00001b01)
 - public static final 'GL_FILL' 'I' @736  6914 (0x00001b02)
 - public static final 'GL_KEEP' 'I' @740  7680 (0x00001e00)
 - public static final 'GL_REPLACE' 'I' @744  7681 (0x00001e01)
 - public static final 'GL_INCR' 'I' @748  7682 (0x00001e02)
 - public static final 'GL_DECR' 'I' @752  7683 (0x00001e03)
 - public static final 'GL_VENDOR' 'I' @756  7936 (0x00001f00)
 - public static final 'GL_RENDERER' 'I' @760  7937 (0x00001f01)
 - public static final 'GL_VERSION' 'I' @764  7938 (0x00001f02)
 - public static final 'GL_EXTENSIONS' 'I' @768  7939 (0x00001f03)
 - public static final 'GL_NEAREST' 'I' @772  9728 (0x00002600)
 - public static final 'GL_LINEAR' 'I' @776  9729 (0x00002601)
 - public static final 'GL_NEAREST_MIPMAP_NEAREST' 'I' @780  9984 (0x00002700)
 - public static final 'GL_LINEAR_MIPMAP_NEAREST' 'I' @784  9985 (0x00002701)
 - public static final 'GL_NEAREST_MIPMAP_LINEAR' 'I' @788  9986 (0x00002702)
 - public static final 'GL_LINEAR_MIPMAP_LINEAR' 'I' @792  9987 (0x00002703)
 - public static final 'GL_TEXTURE_MAG_FILTER' 'I' @796  10240 (0x00002800)
 - public static final 'GL_TEXTURE_MIN_FILTER' 'I' @800  10241 (0x00002801)
 - public static final 'GL_TEXTURE_WRAP_S' 'I' @804  10242 (0x00002802)
 - public static final 'GL_TEXTURE_WRAP_T' 'I' @808  10243 (0x00002803)
 - public static final 'GL_REPEAT' 'I' @812  10497 (0x00002901)
 - public static final 'GL_POLYGON_OFFSET_FACTOR' 'I' @816  32824 (0x00008038)
 - public static final 'GL_POLYGON_OFFSET_UNITS' 'I' @820  10752 (0x00002a00)
 - public static final 'GL_POLYGON_OFFSET_POINT' 'I' @824  10753 (0x00002a01)
 - public static final 'GL_POLYGON_OFFSET_LINE' 'I' @828  10754 (0x00002a02)
 - public static final 'GL_POLYGON_OFFSET_FILL' 'I' @832  32823 (0x00008037)
 - public static final 'GL_R3_G3_B2' 'I' @836  10768 (0x00002a10)
 - public static final 'GL_RGB4' 'I' @840  32847 (0x0000804f)
 - public static final 'GL_RGB5' 'I' @844  32848 (0x00008050)
 - public static final 'GL_RGB8' 'I' @848  32849 (0x00008051)
 - public static final 'GL_RGB10' 'I' @852  32850 (0x00008052)
 - public static final 'GL_RGB12' 'I' @856  32851 (0x00008053)
 - public static final 'GL_RGB16' 'I' @860  32852 (0x00008054)
 - public static final 'GL_RGBA2' 'I' @864  32853 (0x00008055)
 - public static final 'GL_RGBA4' 'I' @868  32854 (0x00008056)
 - public static final 'GL_RGB5_A1' 'I' @872  32855 (0x00008057)
 - public static final 'GL_RGBA8' 'I' @876  32856 (0x00008058)
 - public static final 'GL_RGB10_A2' 'I' @880  32857 (0x00008059)
 - public static final 'GL_RGBA12' 'I' @884  32858 (0x0000805a)
 - public static final 'GL_RGBA16' 'I' @888  32859 (0x0000805b)
 - public static final 'GL_TEXTURE_RED_SIZE' 'I' @892  32860 (0x0000805c)
 - public static final 'GL_TEXTURE_GREEN_SIZE' 'I' @896  32861 (0x0000805d)
 - public static final 'GL_TEXTURE_BLUE_SIZE' 'I' @900  32862 (0x0000805e)
 - public static final 'GL_TEXTURE_ALPHA_SIZE' 'I' @904  32863 (0x0000805f)
 - public static final 'GL_PROXY_TEXTURE_1D' 'I' @908  32867 (0x00008063)
 - public static final 'GL_PROXY_TEXTURE_2D' 'I' @912  32868 (0x00008064)
 - public static final 'GL_TEXTURE_BINDING_1D' 'I' @916  32872 (0x00008068)
 - public static final 'GL_TEXTURE_BINDING_2D' 'I' @920  32873 (0x00008069)
 - public static final 'GL_VERTEX_ARRAY' 'I' @924  32884 (0x00008074)
R12=0x0 is null
R13=0x000001d1c174b500 is pointing into metadata
R14=0x00000085854ff380 is pointing into the stack for thread: 0x000001d1c72596f0
R15=0x000001d1c72596f0 is a thread

Top of Stack: (sp=0x00000085854ff2e8)
0x00000085854ff2e8:   000001d1d8c7d0c7 000001d1c174b508
0x00000085854ff2f8:   0000000000000118 0000000000000118
0x00000085854ff308:   fffffffffffffff7 000001d1d8c7cd5b
0x00000085854ff318:   fffffffffffffff7 000001d1c174b500
0x00000085854ff328:   0000000000000004 000001d1c17579d0
0x00000085854ff338:   0000000000000000 00000007126cd760
0x00000085854ff348:   000001d1c174b508 0000000000000000
0x00000085854ff358:   00000085854ff380 00000085854ff3d0
0x00000085854ff368:   000001d1d8c788c0 00000007126cd760
0x00000085854ff378:   000001d1d8c7a517 0000000000004000
0x00000085854ff388:   fffffffffffffff7 000001d1c170ee09
0x00000085854ff398:   0000000000000002 000001d1c173c3c0
0x00000085854ff3a8:   0000000000000000 0000000712d5cf78
0x00000085854ff3b8:   000001d1c170ee30 fffffffffffffff6
0x00000085854ff3c8:   00000085854ff3e0 00000085854ff430
0x00000085854ff3d8:   000001d1d8c788c0 0000000000004000
0x00000085854ff3e8:   fffffffffffffff7 000001d1c1409f07
0x00000085854ff3f8:   0000000000000005 000001d1c140a2d0
0x00000085854ff408:   0000000000000000 00000007132b7898
0x00000085854ff418:   000001d1c1409f60 fffffffffffffff6
0x00000085854ff428:   00000085854ff440 00000085854ff4a8
0x00000085854ff438:   000001d1d8c788c0 00000007132b7c50
0x00000085854ff448:   0000000000000708 0000000000000708
0x00000085854ff458:   00000007132b7c30 fffffffffffffff7
0x00000085854ff468:   000001d1c140804b 0000000000000003
0x00000085854ff478:   000001d1c1408170 0000000000000000
0x00000085854ff488:   00000007132b2ef0 000001d1c1408080
0x00000085854ff498:   fffffffffffffff3 00000085854ff4c0
0x00000085854ff4a8:   00000085854ff5a0 000001d1d8c7100d
0x00000085854ff4b8:   00000007132b58a8 00000007132b32f0
0x00000085854ff4c8:   0000000000000000 0000000000000000
0x00000085854ff4d8:   0000000000000000 0000000000000000 

Instructions: (pc=0x00007ffd83f9c59a)
0x00007ffd83f9c49a:   cc cc cc cc cc cc 48 8b 01 49 8b c8 48 8b 50 18
0x00007ffd83f9c4aa:   48 ff a2 58 0a 00 00 cc cc cc cc cc cc cc cc cc
0x00007ffd83f9c4ba:   cc cc cc cc cc cc 48 8b 01 49 8b c8 48 8b 50 18
0x00007ffd83f9c4ca:   48 ff a2 60 0a 00 00 cc cc cc cc cc cc cc cc cc
0x00007ffd83f9c4da:   cc cc cc cc cc cc 48 8b 01 49 8b c8 48 8b 50 18
0x00007ffd83f9c4ea:   48 ff a2 68 0a 00 00 cc cc cc cc cc cc cc cc cc
0x00007ffd83f9c4fa:   cc cc cc cc cc cc 40 53 48 8b 01 41 8b d8 44 8b
0x00007ffd83f9c50a:   44 24 30 41 8b d1 4c 8b 4c 24 38 8b cb 4c 8b 50
0x00007ffd83f9c51a:   18 5b 49 ff a2 70 0a 00 00 cc cc cc cc cc cc cc
0x00007ffd83f9c52a:   cc cc cc cc cc cc 48 8b 01 41 8b c8 48 8b 50 18
0x00007ffd83f9c53a:   48 ff 22 cc cc cc 48 8b 01 41 8b c8 48 8b 50 18
0x00007ffd83f9c54a:   48 ff 62 08 cc cc 48 8b 01 41 8b d1 41 8b c8 4c
0x00007ffd83f9c55a:   8b 50 18 49 ff 62 38 cc cc cc cc cc cc cc cc cc
0x00007ffd83f9c56a:   cc cc cc cc cc cc 48 8b 01 41 8b d1 41 8b c8 4c
0x00007ffd83f9c57a:   8b 50 18 49 ff 62 48 cc cc cc cc cc cc cc cc cc
0x00007ffd83f9c58a:   cc cc cc cc cc cc 48 8b 01 41 8b c8 48 8b 50 18
0x00007ffd83f9c59a:   48 ff 62 60 cc cc 48 8b 01 0f 28 cb f3 0f 10 5c
0x00007ffd83f9c5aa:   24 30 0f 28 c2 f3 0f 10 54 24 28 48 8b 48 18 48
0x00007ffd83f9c5ba:   ff 61 70 cc cc cc 48 8b 01 0f 28 c2 48 8b 48 18
0x00007ffd83f9c5ca:   48 ff 61 78 cc cc 48 8b 01 41 8b c8 48 8b 50 18
0x00007ffd83f9c5da:   48 ff a2 88 00 00 00 cc cc cc cc cc cc cc cc cc
0x00007ffd83f9c5ea:   cc cc cc cc cc cc 40 53 48 8b 01 41 0f b6 d8 44
0x00007ffd83f9c5fa:   0f b6 44 24 30 41 0f b6 d1 44 0f b6 4c 24 38 0f
0x00007ffd83f9c60a:   b6 cb 4c 8b 50 18 5b 49 ff a2 98 01 00 00 cc cc
0x00007ffd83f9c61a:   cc cc cc cc cc cc 48 8b 01 41 8b c8 48 8b 50 18
0x00007ffd83f9c62a:   48 ff a2 b8 01 00 00 cc cc cc cc cc cc cc cc cc
0x00007ffd83f9c63a:   cc cc cc cc cc cc 48 8b 01 41 8b c8 48 8b 50 18
0x00007ffd83f9c64a:   48 ff a2 c8 01 00 00 cc cc cc cc cc cc cc cc cc
0x00007ffd83f9c65a:   cc cc cc cc cc cc 48 8b 01 41 0f b6 c8 48 8b 50
0x00007ffd83f9c66a:   18 48 ff a2 d0 01 00 00 cc cc cc cc cc cc cc cc
0x00007ffd83f9c67a:   cc cc cc cc cc cc 48 8b 01 0f 28 cb 0f 28 c2 48
0x00007ffd83f9c68a:   8b 48 18 48 ff a1 d8 01 00 00 cc cc cc cc cc cc 


Stack slot to memory mapping:

stack at sp + 0 slots: 0x000001d1d8c7d0c7 is at code_begin+1063 in an Interpreter codelet
native method entry point (kind = native)  [0x000001d1d8c7cca0, 0x000001d1d8c7d8c0]  3104 bytes
stack at sp + 1 slots: {method} {0x000001d1c174b510} 'glClear' '(I)V' in 'org/lwjgl/opengl/GL11C'
stack at sp + 2 slots: 0x0000000000000118 is an unknown value
stack at sp + 3 slots: 0x0000000000000118 is an unknown value
stack at sp + 4 slots: 0xfffffffffffffff7 is an unknown value
stack at sp + 5 slots: 0x000001d1d8c7cd5b is at code_begin+187 in an Interpreter codelet
native method entry point (kind = native)  [0x000001d1d8c7cca0, 0x000001d1d8c7d8c0]  3104 bytes
stack at sp + 6 slots: 0xfffffffffffffff7 is an unknown value
stack at sp + 7 slots: 0x000001d1c174b500 is pointing into metadata


---------------  P R O C E S S  ---------------

Threads class SMR info:
_java_thread_list=0x000001d1ea159bc0, length=23, elements={
0x000001d1c72596f0, 0x000001d1e9032d00, 0x000001d1e9033d10, 0x000001d1e903a260,
0x000001d1e903d710, 0x000001d1e903e260, 0x000001d1e903fdc0, 0x000001d1e9044060,
0x000001d1e90525d0, 0x000001d1c521f6a0, 0x000001d1e9051f00, 0x000001d1e904fcf0,
0x000001d1e9050a90, 0x000001d1c548de00, 0x000001d1c548ec80, 0x000001d1e9051830,
0x000001d1e9052ca0, 0x000001d1e90503c0, 0x000001d1e9053370, 0x000001d1ea0669a0,
0x000001d1e9e87a80, 0x000001d1ea128fe0, 0x000001d1ea158360
}

Java Threads: ( => current thread )
=>0x000001d1c72596f0 JavaThread "main"                              [_thread_in_native, id=24148, stack(0x0000008585400000,0x0000008585500000) (1024K)]
  0x000001d1e9032d00 JavaThread "Reference Handler"          daemon [_thread_blocked, id=10332, stack(0x0000008585c00000,0x0000008585d00000) (1024K)]
  0x000001d1e9033d10 JavaThread "Finalizer"                  daemon [_thread_blocked, id=14196, stack(0x0000008585d00000,0x0000008585e00000) (1024K)]
  0x000001d1e903a260 JavaThread "Signal Dispatcher"          daemon [_thread_blocked, id=27400, stack(0x0000008585e00000,0x0000008585f00000) (1024K)]
  0x000001d1e903d710 JavaThread "Attach Listener"            daemon [_thread_blocked, id=1500, stack(0x0000008585f00000,0x0000008586000000) (1024K)]
  0x000001d1e903e260 JavaThread "Service Thread"             daemon [_thread_blocked, id=16564, stack(0x0000008586000000,0x0000008586100000) (1024K)]
  0x000001d1e903fdc0 JavaThread "Monitor Deflation Thread"   daemon [_thread_blocked, id=24328, stack(0x0000008586100000,0x0000008586200000) (1024K)]
  0x000001d1e9044060 JavaThread "C2 CompilerThread0"         daemon [_thread_blocked, id=13716, stack(0x0000008586200000,0x0000008586300000) (1024K)]
  0x000001d1e90525d0 JavaThread "C1 CompilerThread0"         daemon [_thread_blocked, id=11336, stack(0x0000008586300000,0x0000008586400000) (1024K)]
  0x000001d1c521f6a0 JavaThread "Common-Cleaner"             daemon [_thread_blocked, id=15808, stack(0x0000008586400000,0x0000008586500000) (1024K)]
  0x000001d1e9051f00 JavaThread "C1 CompilerThread1"         daemon [_thread_blocked, id=20772, stack(0x0000008586500000,0x0000008586600000) (1024K)]
  0x000001d1e904fcf0 JavaThread "C1 CompilerThread2"         daemon [_thread_blocked, id=10032, stack(0x0000008586600000,0x0000008586700000) (1024K)]
  0x000001d1e9050a90 JavaThread "C2 CompilerThread1"         daemon [_thread_blocked, id=7260, stack(0x0000008586700000,0x0000008586800000) (1024K)]
  0x000001d1c548de00 JavaThread "Monitor Ctrl-Break"         daemon [_thread_in_native, id=22076, stack(0x0000008586800000,0x0000008586900000) (1024K)]
  0x000001d1c548ec80 JavaThread "Notification Thread"        daemon [_thread_blocked, id=8448, stack(0x0000008586900000,0x0000008586a00000) (1024K)]
  0x000001d1e9051830 JavaThread "C1 CompilerThread3"         daemon [_thread_blocked, id=19496, stack(0x0000008586a00000,0x0000008586b00000) (1024K)]
  0x000001d1e9052ca0 JavaThread "C2 CompilerThread2"         daemon [_thread_blocked, id=8764, stack(0x0000008587100000,0x0000008587200000) (1024K)]
  0x000001d1e90503c0 JavaThread "C2 CompilerThread3"         daemon [_thread_blocked, id=18860, stack(0x0000008586e00000,0x0000008586f00000) (1024K)]
  0x000001d1e9053370 JavaThread "C2 CompilerThread4"         daemon [_thread_blocked, id=19948, stack(0x0000008587200000,0x0000008587300000) (1024K)]
  0x000001d1ea0669a0 JavaThread "RMI TCP Accept-0"           daemon [_thread_in_native, id=22764, stack(0x0000008587400000,0x0000008587500000) (1024K)]
  0x000001d1e9e87a80 JavaThread "RMI TCP Connection(1)-10.0.0.166" daemon [_thread_in_native, id=9904, stack(0x0000008587500000,0x0000008587600000) (1024K)]
  0x000001d1ea128fe0 JavaThread "RMI Scheduler(0)"           daemon [_thread_blocked, id=26068, stack(0x0000008587600000,0x0000008587700000) (1024K)]
  0x000001d1ea158360 JavaThread "JMX server connection timeout 34" daemon [_thread_blocked, id=21680, stack(0x0000008587700000,0x0000008587800000) (1024K)]
Total: 23

Other Threads:
  0x000001d1e901a2c0 VMThread "VM Thread"                           [id=12768, stack(0x0000008585b00000,0x0000008585c00000) (1024K)]
  0x000001d1e9000570 WatcherThread "VM Periodic Task Thread"        [id=9544, stack(0x0000008585a00000,0x0000008585b00000) (1024K)]
  0x000001d1c731d780 WorkerThread "GC Thread#0"                     [id=26260, stack(0x0000008585500000,0x0000008585600000) (1024K)]
  0x000001d1c731e650 ConcurrentGCThread "G1 Main Marker"            [id=9120, stack(0x0000008585600000,0x0000008585700000) (1024K)]
  0x000001d1c955bf80 WorkerThread "G1 Conc#0"                       [id=25848, stack(0x0000008585700000,0x0000008585800000) (1024K)]
  0x000001d1e8ed4fc0 ConcurrentGCThread "G1 Refine#0"               [id=10024, stack(0x0000008585800000,0x0000008585900000) (1024K)]
  0x000001d1e8ed5b40 ConcurrentGCThread "G1 Service"                [id=7236, stack(0x0000008585900000,0x0000008585a00000) (1024K)]
Total: 7

Threads with active compile tasks:
Total: 0

VM state: not at safepoint (normal execution)

VM Mutex/Monitor currently owned by a thread: None

Heap address: 0x0000000703a00000, size: 4038 MB, Compressed Oops mode: Zero based, Oop shift amount: 3

CDS archive(s) mapped at: [0x000001d180000000-0x000001d180c60000-0x000001d180c60000), size 12976128, SharedBaseAddress: 0x000001d180000000, ArchiveRelocationMode: 1.
Compressed class space mapped at: 0x000001d181000000-0x000001d1c1000000, reserved size: 1073741824
Narrow klass base: 0x000001d180000000, Narrow klass shift: 0, Narrow klass range: 0x41000000

GC Precious Log:
 CardTable entry size: 512
 Card Set container configuration: InlinePtr #cards 4 size 8 Array Of Cards #cards 16 size 48 Howl #buckets 8 coarsen threshold 3686 Howl Bitmap #cards 512 size 80 coarsen threshold 460 Card regions per heap region 1 cards per card region 4096
 CPUs: 16 total, 16 available
 Memory: 16151M
 Large Page Support: Disabled
 NUMA Support: Disabled
 Compressed Oops: Enabled (Zero based)
 Heap Region Size: 2M
 Heap Min Capacity: 8M
 Heap Initial Capacity: 254M
 Heap Max Capacity: 4038M
 Pre-touch: Disabled
 Parallel Workers: 13
 Concurrent Workers: 3
 Concurrent Refinement Workers: 13
 Periodic GC: Disabled

Heap:
 garbage-first heap   total reserved 4134912K, committed 260096K, used 16384K [0x0000000703a00000, 0x0000000800000000)
  region size 2048K, 10 young (20480K), 0 survivors (0K)
 Metaspace       used 7966K, committed 8256K, reserved 1114112K
  class space    used 785K, committed 960K, reserved 1048576K

Heap Regions: E=young(eden), S=young(survivor), O=old, HS=humongous(starts), HC=humongous(continues), CS=collection set, F=free, TAMS=top-at-mark-start, PB=parsable bottom
|   0|0x0000000703a00000, 0x0000000703a00000, 0x0000000703c00000|  0%| F|  |TAMS 0x0000000703a00000| PB 0x0000000703a00000| Untracked |  0
|   1|0x0000000703c00000, 0x0000000703c00000, 0x0000000703e00000|  0%| F|  |TAMS 0x0000000703c00000| PB 0x0000000703c00000| Untracked |  0
|   2|0x0000000703e00000, 0x0000000703e00000, 0x0000000704000000|  0%| F|  |TAMS 0x0000000703e00000| PB 0x0000000703e00000| Untracked |  0
|   3|0x0000000704000000, 0x0000000704000000, 0x0000000704200000|  0%| F|  |TAMS 0x0000000704000000| PB 0x0000000704000000| Untracked |  0
|   4|0x0000000704200000, 0x0000000704200000, 0x0000000704400000|  0%| F|  |TAMS 0x0000000704200000| PB 0x0000000704200000| Untracked |  0
|   5|0x0000000704400000, 0x0000000704400000, 0x0000000704600000|  0%| F|  |TAMS 0x0000000704400000| PB 0x0000000704400000| Untracked |  0
|   6|0x0000000704600000, 0x0000000704600000, 0x0000000704800000|  0%| F|  |TAMS 0x0000000704600000| PB 0x0000000704600000| Untracked |  0
|   7|0x0000000704800000, 0x0000000704800000, 0x0000000704a00000|  0%| F|  |TAMS 0x0000000704800000| PB 0x0000000704800000| Untracked |  0
|   8|0x0000000704a00000, 0x0000000704a00000, 0x0000000704c00000|  0%| F|  |TAMS 0x0000000704a00000| PB 0x0000000704a00000| Untracked |  0
|   9|0x0000000704c00000, 0x0000000704c00000, 0x0000000704e00000|  0%| F|  |TAMS 0x0000000704c00000| PB 0x0000000704c00000| Untracked |  0
|  10|0x0000000704e00000, 0x0000000704e00000, 0x0000000705000000|  0%| F|  |TAMS 0x0000000704e00000| PB 0x0000000704e00000| Untracked |  0
|  11|0x0000000705000000, 0x0000000705000000, 0x0000000705200000|  0%| F|  |TAMS 0x0000000705000000| PB 0x0000000705000000| Untracked |  0
|  12|0x0000000705200000, 0x0000000705200000, 0x0000000705400000|  0%| F|  |TAMS 0x0000000705200000| PB 0x0000000705200000| Untracked |  0
|  13|0x0000000705400000, 0x0000000705400000, 0x0000000705600000|  0%| F|  |TAMS 0x0000000705400000| PB 0x0000000705400000| Untracked |  0
|  14|0x0000000705600000, 0x0000000705600000, 0x0000000705800000|  0%| F|  |TAMS 0x0000000705600000| PB 0x0000000705600000| Untracked |  0
|  15|0x0000000705800000, 0x0000000705800000, 0x0000000705a00000|  0%| F|  |TAMS 0x0000000705800000| PB 0x0000000705800000| Untracked |  0
|  16|0x0000000705a00000, 0x0000000705a00000, 0x0000000705c00000|  0%| F|  |TAMS 0x0000000705a00000| PB 0x0000000705a00000| Untracked |  0
|  17|0x0000000705c00000, 0x0000000705c00000, 0x0000000705e00000|  0%| F|  |TAMS 0x0000000705c00000| PB 0x0000000705c00000| Untracked |  0
|  18|0x0000000705e00000, 0x0000000705e00000, 0x0000000706000000|  0%| F|  |TAMS 0x0000000705e00000| PB 0x0000000705e00000| Untracked |  0
|  19|0x0000000706000000, 0x0000000706000000, 0x0000000706200000|  0%| F|  |TAMS 0x0000000706000000| PB 0x0000000706000000| Untracked |  0
|  20|0x0000000706200000, 0x0000000706200000, 0x0000000706400000|  0%| F|  |TAMS 0x0000000706200000| PB 0x0000000706200000| Untracked |  0
|  21|0x0000000706400000, 0x0000000706400000, 0x0000000706600000|  0%| F|  |TAMS 0x0000000706400000| PB 0x0000000706400000| Untracked |  0
|  22|0x0000000706600000, 0x0000000706600000, 0x0000000706800000|  0%| F|  |TAMS 0x0000000706600000| PB 0x0000000706600000| Untracked |  0
|  23|0x0000000706800000, 0x0000000706800000, 0x0000000706a00000|  0%| F|  |TAMS 0x0000000706800000| PB 0x0000000706800000| Untracked |  0
|  24|0x0000000706a00000, 0x0000000706a00000, 0x0000000706c00000|  0%| F|  |TAMS 0x0000000706a00000| PB 0x0000000706a00000| Untracked |  0
|  25|0x0000000706c00000, 0x0000000706c00000, 0x0000000706e00000|  0%| F|  |TAMS 0x0000000706c00000| PB 0x0000000706c00000| Untracked |  0
|  26|0x0000000706e00000, 0x0000000706e00000, 0x0000000707000000|  0%| F|  |TAMS 0x0000000706e00000| PB 0x0000000706e00000| Untracked |  0
|  27|0x0000000707000000, 0x0000000707000000, 0x0000000707200000|  0%| F|  |TAMS 0x0000000707000000| PB 0x0000000707000000| Untracked |  0
|  28|0x0000000707200000, 0x0000000707200000, 0x0000000707400000|  0%| F|  |TAMS 0x0000000707200000| PB 0x0000000707200000| Untracked |  0
|  29|0x0000000707400000, 0x0000000707400000, 0x0000000707600000|  0%| F|  |TAMS 0x0000000707400000| PB 0x0000000707400000| Untracked |  0
|  30|0x0000000707600000, 0x0000000707600000, 0x0000000707800000|  0%| F|  |TAMS 0x0000000707600000| PB 0x0000000707600000| Untracked |  0
|  31|0x0000000707800000, 0x0000000707800000, 0x0000000707a00000|  0%| F|  |TAMS 0x0000000707800000| PB 0x0000000707800000| Untracked |  0
|  32|0x0000000707a00000, 0x0000000707a00000, 0x0000000707c00000|  0%| F|  |TAMS 0x0000000707a00000| PB 0x0000000707a00000| Untracked |  0
|  33|0x0000000707c00000, 0x0000000707c00000, 0x0000000707e00000|  0%| F|  |TAMS 0x0000000707c00000| PB 0x0000000707c00000| Untracked |  0
|  34|0x0000000707e00000, 0x0000000707e00000, 0x0000000708000000|  0%| F|  |TAMS 0x0000000707e00000| PB 0x0000000707e00000| Untracked |  0
|  35|0x0000000708000000, 0x0000000708000000, 0x0000000708200000|  0%| F|  |TAMS 0x0000000708000000| PB 0x0000000708000000| Untracked |  0
|  36|0x0000000708200000, 0x0000000708200000, 0x0000000708400000|  0%| F|  |TAMS 0x0000000708200000| PB 0x0000000708200000| Untracked |  0
|  37|0x0000000708400000, 0x0000000708400000, 0x0000000708600000|  0%| F|  |TAMS 0x0000000708400000| PB 0x0000000708400000| Untracked |  0
|  38|0x0000000708600000, 0x0000000708600000, 0x0000000708800000|  0%| F|  |TAMS 0x0000000708600000| PB 0x0000000708600000| Untracked |  0
|  39|0x0000000708800000, 0x0000000708800000, 0x0000000708a00000|  0%| F|  |TAMS 0x0000000708800000| PB 0x0000000708800000| Untracked |  0
|  40|0x0000000708a00000, 0x0000000708a00000, 0x0000000708c00000|  0%| F|  |TAMS 0x0000000708a00000| PB 0x0000000708a00000| Untracked |  0
|  41|0x0000000708c00000, 0x0000000708c00000, 0x0000000708e00000|  0%| F|  |TAMS 0x0000000708c00000| PB 0x0000000708c00000| Untracked |  0
|  42|0x0000000708e00000, 0x0000000708e00000, 0x0000000709000000|  0%| F|  |TAMS 0x0000000708e00000| PB 0x0000000708e00000| Untracked |  0
|  43|0x0000000709000000, 0x0000000709000000, 0x0000000709200000|  0%| F|  |TAMS 0x0000000709000000| PB 0x0000000709000000| Untracked |  0
|  44|0x0000000709200000, 0x0000000709200000, 0x0000000709400000|  0%| F|  |TAMS 0x0000000709200000| PB 0x0000000709200000| Untracked |  0
|  45|0x0000000709400000, 0x0000000709400000, 0x0000000709600000|  0%| F|  |TAMS 0x0000000709400000| PB 0x0000000709400000| Untracked |  0
|  46|0x0000000709600000, 0x0000000709600000, 0x0000000709800000|  0%| F|  |TAMS 0x0000000709600000| PB 0x0000000709600000| Untracked |  0
|  47|0x0000000709800000, 0x0000000709800000, 0x0000000709a00000|  0%| F|  |TAMS 0x0000000709800000| PB 0x0000000709800000| Untracked |  0
|  48|0x0000000709a00000, 0x0000000709a00000, 0x0000000709c00000|  0%| F|  |TAMS 0x0000000709a00000| PB 0x0000000709a00000| Untracked |  0
|  49|0x0000000709c00000, 0x0000000709c00000, 0x0000000709e00000|  0%| F|  |TAMS 0x0000000709c00000| PB 0x0000000709c00000| Untracked |  0
|  50|0x0000000709e00000, 0x0000000709e00000, 0x000000070a000000|  0%| F|  |TAMS 0x0000000709e00000| PB 0x0000000709e00000| Untracked |  0
|  51|0x000000070a000000, 0x000000070a000000, 0x000000070a200000|  0%| F|  |TAMS 0x000000070a000000| PB 0x000000070a000000| Untracked |  0
|  52|0x000000070a200000, 0x000000070a200000, 0x000000070a400000|  0%| F|  |TAMS 0x000000070a200000| PB 0x000000070a200000| Untracked |  0
|  53|0x000000070a400000, 0x000000070a400000, 0x000000070a600000|  0%| F|  |TAMS 0x000000070a400000| PB 0x000000070a400000| Untracked |  0
|  54|0x000000070a600000, 0x000000070a600000, 0x000000070a800000|  0%| F|  |TAMS 0x000000070a600000| PB 0x000000070a600000| Untracked |  0
|  55|0x000000070a800000, 0x000000070a800000, 0x000000070aa00000|  0%| F|  |TAMS 0x000000070a800000| PB 0x000000070a800000| Untracked |  0
|  56|0x000000070aa00000, 0x000000070aa00000, 0x000000070ac00000|  0%| F|  |TAMS 0x000000070aa00000| PB 0x000000070aa00000| Untracked |  0
|  57|0x000000070ac00000, 0x000000070ac00000, 0x000000070ae00000|  0%| F|  |TAMS 0x000000070ac00000| PB 0x000000070ac00000| Untracked |  0
|  58|0x000000070ae00000, 0x000000070ae00000, 0x000000070b000000|  0%| F|  |TAMS 0x000000070ae00000| PB 0x000000070ae00000| Untracked |  0
|  59|0x000000070b000000, 0x000000070b000000, 0x000000070b200000|  0%| F|  |TAMS 0x000000070b000000| PB 0x000000070b000000| Untracked |  0
|  60|0x000000070b200000, 0x000000070b200000, 0x000000070b400000|  0%| F|  |TAMS 0x000000070b200000| PB 0x000000070b200000| Untracked |  0
|  61|0x000000070b400000, 0x000000070b400000, 0x000000070b600000|  0%| F|  |TAMS 0x000000070b400000| PB 0x000000070b400000| Untracked |  0
|  62|0x000000070b600000, 0x000000070b600000, 0x000000070b800000|  0%| F|  |TAMS 0x000000070b600000| PB 0x000000070b600000| Untracked |  0
|  63|0x000000070b800000, 0x000000070b800000, 0x000000070ba00000|  0%| F|  |TAMS 0x000000070b800000| PB 0x000000070b800000| Untracked |  0
|  64|0x000000070ba00000, 0x000000070ba00000, 0x000000070bc00000|  0%| F|  |TAMS 0x000000070ba00000| PB 0x000000070ba00000| Untracked |  0
|  65|0x000000070bc00000, 0x000000070bc00000, 0x000000070be00000|  0%| F|  |TAMS 0x000000070bc00000| PB 0x000000070bc00000| Untracked |  0
|  66|0x000000070be00000, 0x000000070be00000, 0x000000070c000000|  0%| F|  |TAMS 0x000000070be00000| PB 0x000000070be00000| Untracked |  0
|  67|0x000000070c000000, 0x000000070c000000, 0x000000070c200000|  0%| F|  |TAMS 0x000000070c000000| PB 0x000000070c000000| Untracked |  0
|  68|0x000000070c200000, 0x000000070c200000, 0x000000070c400000|  0%| F|  |TAMS 0x000000070c200000| PB 0x000000070c200000| Untracked |  0
|  69|0x000000070c400000, 0x000000070c400000, 0x000000070c600000|  0%| F|  |TAMS 0x000000070c400000| PB 0x000000070c400000| Untracked |  0
|  70|0x000000070c600000, 0x000000070c600000, 0x000000070c800000|  0%| F|  |TAMS 0x000000070c600000| PB 0x000000070c600000| Untracked |  0
|  71|0x000000070c800000, 0x000000070c800000, 0x000000070ca00000|  0%| F|  |TAMS 0x000000070c800000| PB 0x000000070c800000| Untracked |  0
|  72|0x000000070ca00000, 0x000000070ca00000, 0x000000070cc00000|  0%| F|  |TAMS 0x000000070ca00000| PB 0x000000070ca00000| Untracked |  0
|  73|0x000000070cc00000, 0x000000070cc00000, 0x000000070ce00000|  0%| F|  |TAMS 0x000000070cc00000| PB 0x000000070cc00000| Untracked |  0
|  74|0x000000070ce00000, 0x000000070ce00000, 0x000000070d000000|  0%| F|  |TAMS 0x000000070ce00000| PB 0x000000070ce00000| Untracked |  0
|  75|0x000000070d000000, 0x000000070d000000, 0x000000070d200000|  0%| F|  |TAMS 0x000000070d000000| PB 0x000000070d000000| Untracked |  0
|  76|0x000000070d200000, 0x000000070d200000, 0x000000070d400000|  0%| F|  |TAMS 0x000000070d200000| PB 0x000000070d200000| Untracked |  0
|  77|0x000000070d400000, 0x000000070d400000, 0x000000070d600000|  0%| F|  |TAMS 0x000000070d400000| PB 0x000000070d400000| Untracked |  0
|  78|0x000000070d600000, 0x000000070d600000, 0x000000070d800000|  0%| F|  |TAMS 0x000000070d600000| PB 0x000000070d600000| Untracked |  0
|  79|0x000000070d800000, 0x000000070d800000, 0x000000070da00000|  0%| F|  |TAMS 0x000000070d800000| PB 0x000000070d800000| Untracked |  0
|  80|0x000000070da00000, 0x000000070da00000, 0x000000070dc00000|  0%| F|  |TAMS 0x000000070da00000| PB 0x000000070da00000| Untracked |  0
|  81|0x000000070dc00000, 0x000000070dc00000, 0x000000070de00000|  0%| F|  |TAMS 0x000000070dc00000| PB 0x000000070dc00000| Untracked |  0
|  82|0x000000070de00000, 0x000000070de00000, 0x000000070e000000|  0%| F|  |TAMS 0x000000070de00000| PB 0x000000070de00000| Untracked |  0
|  83|0x000000070e000000, 0x000000070e000000, 0x000000070e200000|  0%| F|  |TAMS 0x000000070e000000| PB 0x000000070e000000| Untracked |  0
|  84|0x000000070e200000, 0x000000070e200000, 0x000000070e400000|  0%| F|  |TAMS 0x000000070e200000| PB 0x000000070e200000| Untracked |  0
|  85|0x000000070e400000, 0x000000070e400000, 0x000000070e600000|  0%| F|  |TAMS 0x000000070e400000| PB 0x000000070e400000| Untracked |  0
|  86|0x000000070e600000, 0x000000070e600000, 0x000000070e800000|  0%| F|  |TAMS 0x000000070e600000| PB 0x000000070e600000| Untracked |  0
|  87|0x000000070e800000, 0x000000070e800000, 0x000000070ea00000|  0%| F|  |TAMS 0x000000070e800000| PB 0x000000070e800000| Untracked |  0
|  88|0x000000070ea00000, 0x000000070ea00000, 0x000000070ec00000|  0%| F|  |TAMS 0x000000070ea00000| PB 0x000000070ea00000| Untracked |  0
|  89|0x000000070ec00000, 0x000000070ec00000, 0x000000070ee00000|  0%| F|  |TAMS 0x000000070ec00000| PB 0x000000070ec00000| Untracked |  0
|  90|0x000000070ee00000, 0x000000070ee00000, 0x000000070f000000|  0%| F|  |TAMS 0x000000070ee00000| PB 0x000000070ee00000| Untracked |  0
|  91|0x000000070f000000, 0x000000070f000000, 0x000000070f200000|  0%| F|  |TAMS 0x000000070f000000| PB 0x000000070f000000| Untracked |  0
|  92|0x000000070f200000, 0x000000070f200000, 0x000000070f400000|  0%| F|  |TAMS 0x000000070f200000| PB 0x000000070f200000| Untracked |  0
|  93|0x000000070f400000, 0x000000070f400000, 0x000000070f600000|  0%| F|  |TAMS 0x000000070f400000| PB 0x000000070f400000| Untracked |  0
|  94|0x000000070f600000, 0x000000070f600000, 0x000000070f800000|  0%| F|  |TAMS 0x000000070f600000| PB 0x000000070f600000| Untracked |  0
|  95|0x000000070f800000, 0x000000070f800000, 0x000000070fa00000|  0%| F|  |TAMS 0x000000070f800000| PB 0x000000070f800000| Untracked |  0
|  96|0x000000070fa00000, 0x000000070fa00000, 0x000000070fc00000|  0%| F|  |TAMS 0x000000070fa00000| PB 0x000000070fa00000| Untracked |  0
|  97|0x000000070fc00000, 0x000000070fc00000, 0x000000070fe00000|  0%| F|  |TAMS 0x000000070fc00000| PB 0x000000070fc00000| Untracked |  0
|  98|0x000000070fe00000, 0x000000070fe00000, 0x0000000710000000|  0%| F|  |TAMS 0x000000070fe00000| PB 0x000000070fe00000| Untracked |  0
|  99|0x0000000710000000, 0x0000000710000000, 0x0000000710200000|  0%| F|  |TAMS 0x0000000710000000| PB 0x0000000710000000| Untracked |  0
| 100|0x0000000710200000, 0x0000000710200000, 0x0000000710400000|  0%| F|  |TAMS 0x0000000710200000| PB 0x0000000710200000| Untracked |  0
| 101|0x0000000710400000, 0x0000000710400000, 0x0000000710600000|  0%| F|  |TAMS 0x0000000710400000| PB 0x0000000710400000| Untracked |  0
| 102|0x0000000710600000, 0x0000000710600000, 0x0000000710800000|  0%| F|  |TAMS 0x0000000710600000| PB 0x0000000710600000| Untracked |  0
| 103|0x0000000710800000, 0x0000000710800000, 0x0000000710a00000|  0%| F|  |TAMS 0x0000000710800000| PB 0x0000000710800000| Untracked |  0
| 104|0x0000000710a00000, 0x0000000710a00000, 0x0000000710c00000|  0%| F|  |TAMS 0x0000000710a00000| PB 0x0000000710a00000| Untracked |  0
| 105|0x0000000710c00000, 0x0000000710c00000, 0x0000000710e00000|  0%| F|  |TAMS 0x0000000710c00000| PB 0x0000000710c00000| Untracked |  0
| 106|0x0000000710e00000, 0x0000000710e00000, 0x0000000711000000|  0%| F|  |TAMS 0x0000000710e00000| PB 0x0000000710e00000| Untracked |  0
| 107|0x0000000711000000, 0x0000000711000000, 0x0000000711200000|  0%| F|  |TAMS 0x0000000711000000| PB 0x0000000711000000| Untracked |  0
| 108|0x0000000711200000, 0x0000000711200000, 0x0000000711400000|  0%| F|  |TAMS 0x0000000711200000| PB 0x0000000711200000| Untracked |  0
| 109|0x0000000711400000, 0x0000000711400000, 0x0000000711600000|  0%| F|  |TAMS 0x0000000711400000| PB 0x0000000711400000| Untracked |  0
| 110|0x0000000711600000, 0x0000000711600000, 0x0000000711800000|  0%| F|  |TAMS 0x0000000711600000| PB 0x0000000711600000| Untracked |  0
| 111|0x0000000711800000, 0x0000000711800000, 0x0000000711a00000|  0%| F|  |TAMS 0x0000000711800000| PB 0x0000000711800000| Untracked |  0
| 112|0x0000000711a00000, 0x0000000711a00000, 0x0000000711c00000|  0%| F|  |TAMS 0x0000000711a00000| PB 0x0000000711a00000| Untracked |  0
| 113|0x0000000711c00000, 0x0000000711c00000, 0x0000000711e00000|  0%| F|  |TAMS 0x0000000711c00000| PB 0x0000000711c00000| Untracked |  0
| 114|0x0000000711e00000, 0x0000000711e00000, 0x0000000712000000|  0%| F|  |TAMS 0x0000000711e00000| PB 0x0000000711e00000| Untracked |  0
| 115|0x0000000712000000, 0x0000000712000000, 0x0000000712200000|  0%| F|  |TAMS 0x0000000712000000| PB 0x0000000712000000| Untracked |  0
| 116|0x0000000712200000, 0x0000000712200000, 0x0000000712400000|  0%| F|  |TAMS 0x0000000712200000| PB 0x0000000712200000| Untracked |  0
| 117|0x0000000712400000, 0x00000007124f5c60, 0x0000000712600000| 48%| E|  |TAMS 0x0000000712400000| PB 0x0000000712400000| Complete |  0
| 118|0x0000000712600000, 0x0000000712800000, 0x0000000712800000|100%| E|CS|TAMS 0x0000000712600000| PB 0x0000000712600000| Complete |  0
| 119|0x0000000712800000, 0x0000000712a00000, 0x0000000712a00000|100%| E|CS|TAMS 0x0000000712800000| PB 0x0000000712800000| Complete |  0
| 120|0x0000000712a00000, 0x0000000712c00000, 0x0000000712c00000|100%| E|CS|TAMS 0x0000000712a00000| PB 0x0000000712a00000| Complete |  0
| 121|0x0000000712c00000, 0x0000000712e00000, 0x0000000712e00000|100%| E|  |TAMS 0x0000000712c00000| PB 0x0000000712c00000| Complete |  0
| 122|0x0000000712e00000, 0x0000000713000000, 0x0000000713000000|100%| E|CS|TAMS 0x0000000712e00000| PB 0x0000000712e00000| Complete |  0
| 123|0x0000000713000000, 0x0000000713200000, 0x0000000713200000|100%| E|CS|TAMS 0x0000000713000000| PB 0x0000000713000000| Complete |  0
| 124|0x0000000713200000, 0x0000000713400000, 0x0000000713400000|100%| E|CS|TAMS 0x0000000713200000| PB 0x0000000713200000| Complete |  0
| 125|0x0000000713400000, 0x0000000713600000, 0x0000000713600000|100%| E|CS|TAMS 0x0000000713400000| PB 0x0000000713400000| Complete |  0
| 126|0x0000000713600000, 0x0000000713800000, 0x0000000713800000|100%| E|CS|TAMS 0x0000000713600000| PB 0x0000000713600000| Complete |  0

Card table byte_map: [0x000001d1e18a0000,0x000001d1e2090000] _byte_map_base: 0x000001d1de083000

Marking Bits: (CMBitMap*) 0x000001d1c731dda0
 Bits: [0x000001d1e2090000, 0x000001d1e5fa8000)

Polling page: 0x000001d1c8ca0000

Metaspace:

Usage:
  Non-class:      7.01 MB used.
      Class:    785.29 KB used.
       Both:      7.78 MB used.

Virtual space:
  Non-class space:       64.00 MB reserved,       7.12 MB ( 11%) committed,  1 nodes.
      Class space:        1.00 GB reserved,     960.00 KB ( <1%) committed,  1 nodes.
             Both:        1.06 GB reserved,       8.06 MB ( <1%) committed. 

Chunk freelists:
   Non-Class:  8.57 MB
       Class:  15.06 MB
        Both:  23.63 MB

MaxMetaspaceSize: unlimited
CompressedClassSpaceSize: 1.00 GB
Initial GC threshold: 21.00 MB
Current GC threshold: 21.00 MB
CDS: on
 - commit_granule_bytes: 65536.
 - commit_granule_words: 8192.
 - virtual_space_node_default_size: 8388608.
 - enlarge_chunks_in_place: 1.
 - use_allocation_guard: 0.


Internal statistics:

num_allocs_failed_limit: 0.
num_arena_births: 276.
num_arena_deaths: 0.
num_vsnodes_births: 2.
num_vsnodes_deaths: 0.
num_space_committed: 129.
num_space_uncommitted: 0.
num_chunks_returned_to_freelist: 0.
num_chunks_taken_from_freelist: 398.
num_chunk_merges: 0.
num_chunk_splits: 241.
num_chunks_enlarged: 111.
num_inconsistent_stats: 0.

CodeHeap 'non-profiled nmethods': size=119168Kb used=462Kb max_used=462Kb free=118705Kb
 bounds [0x000001d1d93c0000, 0x000001d1d9630000, 0x000001d1e0820000]
CodeHeap 'profiled nmethods': size=119104Kb used=2446Kb max_used=2446Kb free=116657Kb
 bounds [0x000001d1d1820000, 0x000001d1d1a90000, 0x000001d1d8c70000]
CodeHeap 'non-nmethods': size=7488Kb used=4139Kb max_used=4155Kb free=3348Kb
 bounds [0x000001d1d8c70000, 0x000001d1d9090000, 0x000001d1d93c0000]
 total_blobs=2593 nmethods=1504 adapters=991
 compilation: enabled
              stopped_count=0, restarted_count=0
 full_count=0

Compilation events (20 events):
Event: 0.374 Thread 0x000001d1e9052ca0 nmethod 1415 0x000001d1d9428810 code [0x000001d1d94289a0, 0x000001d1d9428c70]
Event: 0.374 Thread 0x000001d1e9051830 1423       3       sun.net.www.ParseUtil::firstEncodeIndex (86 bytes)
Event: 0.374 Thread 0x000001d1e9044060 1424       4       java.lang.String::startsWith (7 bytes)
Event: 0.374 Thread 0x000001d1e9051830 nmethod 1423 0x000001d1d1a6cc10 code [0x000001d1d1a6ce40, 0x000001d1d1a6d7c0]
Event: 0.375 Thread 0x000001d1e9051830 1426       3       sun.misc.Unsafe::putLong (11 bytes)
Event: 0.375 Thread 0x000001d1e90525d0 1427       3       org.lwjgl.system.MemoryUtil::memPutAddress (29 bytes)
Event: 0.375 Thread 0x000001d1e9051830 nmethod 1426 0x000001d1d1a6db90 code [0x000001d1d1a6dd20, 0x000001d1d1a6de30]
Event: 0.375 Thread 0x000001d1e9053370 1428       4       java.lang.Integer::toUnsignedLong (7 bytes)
Event: 0.375 Thread 0x000001d1e9052ca0 1429       4       sun.misc.Unsafe::putLong (11 bytes)
Event: 0.375 Thread 0x000001d1e90525d0 nmethod 1427 0x000001d1d1a6df10 code [0x000001d1d1a6e0c0, 0x000001d1d1a6e2b8]
Event: 0.375 Thread 0x000001d1e9053370 nmethod 1428 0x000001d1d9429210 code [0x000001d1d9429380, 0x000001d1d94293e8]
Event: 0.375 Thread 0x000001d1e9052ca0 nmethod 1429 0x000001d1d9429510 code [0x000001d1d9429680, 0x000001d1d9429730]
Event: 0.375 Thread 0x000001d1e90525d0 1430       1       java.lang.reflect.Field::getModifiers (5 bytes)
Event: 0.375 Thread 0x000001d1e9051830 1431       1       java.lang.reflect.Field::getName (5 bytes)
Event: 0.375 Thread 0x000001d1e90525d0 nmethod 1430 0x000001d1d9429810 code [0x000001d1d94299a0, 0x000001d1d9429a68]
Event: 0.375 Thread 0x000001d1e9051830 nmethod 1431 0x000001d1d9429b10 code [0x000001d1d9429ca0, 0x000001d1d9429d70]
Event: 0.375 Thread 0x000001d1e9051830 1432       3       java.lang.Float::isNaN (12 bytes)
Event: 0.375 Thread 0x000001d1e90525d0 1433       3       java.util.HashMap::tableSizeFor (32 bytes)
Event: 0.376 Thread 0x000001d1e9051830 nmethod 1432 0x000001d1d1a6e390 code [0x000001d1d1a6e520, 0x000001d1d1a6e680]
Event: 0.376 Thread 0x000001d1e90525d0 nmethod 1433 0x000001d1d1a6e710 code [0x000001d1d1a6e8c0, 0x000001d1d1a6eac0]

GC Heap History (0 events):
No events

Dll operation events (14 events):
Event: 0.005 Loaded shared library C:\Users\crhen\.jdks\openjdk-22.0.2\bin\java.dll
Event: 0.027 Loaded shared library C:\Users\crhen\.jdks\openjdk-22.0.2\bin\jsvml.dll
Event: 0.059 Loaded shared library C:\Users\crhen\.jdks\openjdk-22.0.2\bin\zip.dll
Event: 0.061 Loaded shared library C:\Users\crhen\.jdks\openjdk-22.0.2\bin\instrument.dll
Event: 0.064 Loaded shared library C:\Users\crhen\.jdks\openjdk-22.0.2\bin\net.dll
Event: 0.065 Loaded shared library C:\Users\crhen\.jdks\openjdk-22.0.2\bin\nio.dll
Event: 0.066 Loaded shared library C:\Users\crhen\.jdks\openjdk-22.0.2\bin\zip.dll
Event: 0.086 Loaded shared library C:\Program Files\JetBrains\IntelliJ IDEA 2024.2.1\bin\breakgen64.dll
Event: 0.091 Loaded shared library C:\Users\crhen\.jdks\openjdk-22.0.2\bin\extnet.dll
Event: 0.108 Loaded shared library C:\Users\crhen\.jdks\openjdk-22.0.2\bin\jimage.dll
Event: 0.126 Loaded shared library C:\Users\crhen\AppData\Local\Temp\lwjgl_crhen\3.3.3+5\x64\lwjgl.dll
Event: 0.131 Loaded shared library C:\Users\crhen\.jdks\openjdk-22.0.2\bin\management.dll
Event: 0.137 Loaded shared library C:\Users\crhen\.jdks\openjdk-22.0.2\bin\management_ext.dll
Event: 0.368 Loaded shared library C:\Users\crhen\AppData\Local\Temp\lwjgl_crhen\3.3.3+5\x64\lwjgl_opengl.dll

Deoptimization events (20 events):
Event: 0.157 Thread 0x000001d1c72596f0 DEOPT PACKING pc=0x000001d1d191167a sp=0x00000085854fd680
Event: 0.157 Thread 0x000001d1c72596f0 DEOPT UNPACKING pc=0x000001d1d8cc88e2 sp=0x00000085854fcb18 mode 0
Event: 0.187 Thread 0x000001d1e903d710 DEOPT PACKING pc=0x000001d1d1869e90 sp=0x0000008585ffd430
Event: 0.187 Thread 0x000001d1e903d710 DEOPT UNPACKING pc=0x000001d1d8cc88e2 sp=0x0000008585ffc928 mode 0
Event: 0.233 Thread 0x000001d1e903d710 Uncommon trap: trap_request=0xffffff45 fr.pc=0x000001d1d940d4e8 relative=0x00000000000000c8
Event: 0.233 Thread 0x000001d1e903d710 Uncommon trap: reason=unstable_if action=reinterpret pc=0x000001d1d940d4e8 method=jdk.internal.util.xml.impl.Parser.bappend(CC)V @ 1 c2
Event: 0.233 Thread 0x000001d1e903d710 DEOPT PACKING pc=0x000001d1d940d4e8 sp=0x0000008585ffd230
Event: 0.233 Thread 0x000001d1e903d710 DEOPT UNPACKING pc=0x000001d1d8cc7da2 sp=0x0000008585ffd1b8 mode 2
Event: 0.233 Thread 0x000001d1e903d710 Uncommon trap: trap_request=0xffffff45 fr.pc=0x000001d1d940d114 relative=0x0000000000000074
Event: 0.233 Thread 0x000001d1e903d710 Uncommon trap: reason=unstable_if action=reinterpret pc=0x000001d1d940d114 method=jdk.internal.util.xml.impl.Parser.ensureCapacity(I)V @ 40 c2
Event: 0.233 Thread 0x000001d1e903d710 DEOPT PACKING pc=0x000001d1d940d114 sp=0x0000008585ffd230
Event: 0.233 Thread 0x000001d1e903d710 DEOPT UNPACKING pc=0x000001d1d8cc7da2 sp=0x0000008585ffd1a8 mode 2
Event: 0.301 Thread 0x000001d1e903d710 Uncommon trap: trap_request=0xffffffde fr.pc=0x000001d1d9409060 relative=0x0000000000000d60
Event: 0.301 Thread 0x000001d1e903d710 Uncommon trap: reason=class_check action=maybe_recompile pc=0x000001d1d9409060 method=java.util.HashMap.putVal(ILjava/lang/Object;Ljava/lang/Object;ZZ)Ljava/lang/Object; @ 91 c2
Event: 0.301 Thread 0x000001d1e903d710 DEOPT PACKING pc=0x000001d1d9409060 sp=0x0000008585ffd9d0
Event: 0.301 Thread 0x000001d1e903d710 DEOPT UNPACKING pc=0x000001d1d8cc7da2 sp=0x0000008585ffd918 mode 2
Event: 0.302 Thread 0x000001d1e903d710 Uncommon trap: trap_request=0xffffff6e fr.pc=0x000001d1d94011a0 relative=0x0000000000000180
Event: 0.302 Thread 0x000001d1e903d710 Uncommon trap: reason=loop_limit_check action=maybe_recompile pc=0x000001d1d94011a0 method=java.lang.StringLatin1.lastIndexOf([BII)I @ 19 c2
Event: 0.302 Thread 0x000001d1e903d710 DEOPT PACKING pc=0x000001d1d94011a0 sp=0x0000008585ffda90
Event: 0.302 Thread 0x000001d1e903d710 DEOPT UNPACKING pc=0x000001d1d8cc7da2 sp=0x0000008585ffda10 mode 2

Classes loaded (20 events):
Event: 0.372 Loading class java/rmi/server/RMIClassLoader$1
Event: 0.372 Loading class java/rmi/server/RMIClassLoader$1 done
Event: 0.372 Loading class sun/rmi/server/LoaderHandler
Event: 0.372 Loading class sun/rmi/server/LoaderHandler done
Event: 0.373 Loading class java/io/ObjectInputStream$FilterValues
Event: 0.373 Loading class java/io/ObjectInputStream$FilterValues done
Event: 0.374 Loading class java/io/ObjectInputStream$Logging
Event: 0.374 Loading class java/io/ObjectInputStream$Logging done
Event: 0.374 Loading class jdk/internal/event/DeserializationEvent
Event: 0.374 Loading class jdk/internal/event/DeserializationEvent done
Event: 0.374 Loading class java/io/ObjectStreamClass$ExceptionInfo
Event: 0.374 Loading class java/io/ObjectStreamClass$ExceptionInfo done
Event: 0.375 Loading class java/io/ObjectInputStream$FieldValues
Event: 0.375 Loading class java/io/ObjectInputStream$GetField
Event: 0.375 Loading class java/io/ObjectInputStream$GetField done
Event: 0.375 Loading class java/io/ObjectInputStream$FieldValues done
Event: 0.376 Loading class java/rmi/dgc/Lease
Event: 0.376 Loading class java/rmi/dgc/Lease done
Event: 0.376 Loading class java/rmi/dgc/VMID
Event: 0.376 Loading class java/rmi/dgc/VMID done

Classes unloaded (0 events):
No events

Classes redefined (0 events):
No events

Internal exceptions (20 events):
Event: 0.163 Thread 0x000001d1c72596f0 Exception <a 'sun/nio/fs/WindowsException'{0x0000000712ec4470}> (0x0000000712ec4470) 
thrown [s\open\src\hotspot\share\prims\jni.cpp, line 520]
Event: 0.163 Thread 0x000001d1c72596f0 Exception <a 'sun/nio/fs/WindowsException'{0x0000000712ec47d0}> (0x0000000712ec47d0) 
thrown [s\open\src\hotspot\share\prims\jni.cpp, line 520]
Event: 0.169 Thread 0x000001d1c72596f0 Exception <a 'java/lang/NoSuchMethodError'{0x0000000712c0c060}: 'int java.lang.invoke.DirectMethodHandle$Holder.invokeStaticInit(java.lang.Object, java.lang.Object, int, long)'> (0x0000000712c0c060) 
thrown [s\open\src\hotspot\share\interpreter\linkResolver.cpp, line 774]
Event: 0.170 Thread 0x000001d1c72596f0 Exception <a 'java/lang/NoSuchMethodError'{0x0000000712c11168}: 'java.lang.Object java.lang.invoke.DirectMethodHandle$Holder.newInvokeSpecial(java.lang.Object, java.lang.Object, int)'> (0x0000000712c11168) 
thrown [s\open\src\hotspot\share\interpreter\linkResolver.cpp, line 774]
Event: 0.171 Thread 0x000001d1c72596f0 Exception <a 'java/lang/NoSuchMethodError'{0x0000000712c20ac8}: 'int java.lang.invoke.DirectMethodHandle$Holder.invokeStaticInit(java.lang.Object, java.lang.Object, long, long)'> (0x0000000712c20ac8) 
thrown [s\open\src\hotspot\share\interpreter\linkResolver.cpp, line 774]
Event: 0.171 Thread 0x000001d1c72596f0 Exception <a 'java/lang/NoSuchMethodError'{0x0000000712c25fe0}: 'java.lang.Object java.lang.invoke.DirectMethodHandle$Holder.newInvokeSpecial(java.lang.Object, java.lang.Object, long)'> (0x0000000712c25fe0) 
thrown [s\open\src\hotspot\share\interpreter\linkResolver.cpp, line 774]
Event: 0.171 Thread 0x000001d1c72596f0 Exception <a 'java/lang/NoSuchMethodError'{0x0000000712c29928}: 'java.lang.Object java.lang.invoke.Invokers$Holder.linkToTargetMethod(java.lang.Object, long, java.lang.Object)'> (0x0000000712c29928) 
thrown [s\open\src\hotspot\share\interpreter\linkResolver.cpp, line 774]
Event: 0.172 Thread 0x000001d1c72596f0 Exception <a 'java/lang/NoSuchMethodError'{0x0000000712c30a20}: 'int java.lang.invoke.DirectMethodHandle$Holder.invokeStaticInit(java.lang.Object, java.lang.Object, java.lang.Object, long)'> (0x0000000712c30a20) 
thrown [s\open\src\hotspot\share\interpreter\linkResolver.cpp, line 774]
Event: 0.192 Thread 0x000001d1e903d710 Exception <a 'java/lang/NoSuchMethodError'{0x0000000712de6110}: 'java.lang.Object java.lang.invoke.DirectMethodHandle$Holder.invokeStaticInit(java.lang.Object, java.lang.Object, java.lang.Object)'> (0x0000000712de6110) 
thrown [s\open\src\hotspot\share\interpreter\linkResolver.cpp, line 774]
Event: 0.270 Thread 0x000001d1e903d710 Exception <a 'java/lang/NoSuchMethodError'{0x0000000712919960}: 'java.lang.Object java.lang.invoke.DirectMethodHandle$Holder.invokeStaticInit(java.lang.Object, int, int, int, int)'> (0x0000000712919960) 
thrown [s\open\src\hotspot\share\interpreter\linkResolver.cpp, line 774]
Event: 0.284 Thread 0x000001d1e903d710 Exception <a 'java/lang/NoSuchMethodError'{0x0000000712953610}: 'java.lang.Object java.lang.invoke.DirectMethodHandle$Holder.invokeStaticInit(java.lang.Object, java.lang.Object, int, int, int, int)'> (0x0000000712953610) 
thrown [s\open\src\hotspot\share\interpreter\linkResolver.cpp, line 774]
Event: 0.297 Thread 0x000001d1e903d710 Exception <a 'java/lang/ClassNotFoundException'{0x00000007129704f0}: javax/management/remote/rmi/RMIServerImpl_Skel> (0x00000007129704f0) 
thrown [s\open\src\hotspot\share\classfile\systemDictionary.cpp, line 313]
Event: 0.308 Thread 0x000001d1e903d710 Exception <a 'java/lang/NoSuchMethodError'{0x000000071298ef08}: 'long java.lang.invoke.DirectMethodHandle$Holder.invokeSpecial(java.lang.Object, java.lang.Object)'> (0x000000071298ef08) 
thrown [s\open\src\hotspot\share\interpreter\linkResolver.cpp, line 774]
Event: 0.309 Thread 0x000001d1e903d710 Exception <a 'java/lang/NoSuchMethodError'{0x00000007129925e0}: 'long java.lang.invoke.Invokers$Holder.invokeExact_MT(java.lang.Object, java.lang.Object)'> (0x00000007129925e0) 
thrown [s\open\src\hotspot\share\interpreter\linkResolver.cpp, line 774]
Event: 0.363 Thread 0x000001d1c72596f0 Exception <a 'java/lang/NoSuchMethodError'{0x0000000712d74818}: 'void java.lang.System.load(java.lang.String, java.lang.Class)'> (0x0000000712d74818) 
thrown [s\open\src\hotspot\share\interpreter\linkResolver.cpp, line 774]
Event: 0.364 Thread 0x000001d1c72596f0 Exception <a 'java/lang/NoSuchMethodError'{0x0000000712d77268}: 'void java.lang.System.loadLibrary(java.lang.String, java.lang.Class)'> (0x0000000712d77268) 
thrown [s\open\src\hotspot\share\interpreter\linkResolver.cpp, line 774]
Event: 0.367 Thread 0x000001d1c72596f0 Exception <a 'sun/nio/fs/WindowsException'{0x000000071267f920}> (0x000000071267f920) 
thrown [s\open\src\hotspot\share\prims\jni.cpp, line 520]
Event: 0.367 Thread 0x000001d1c72596f0 Exception <a 'sun/nio/fs/WindowsException'{0x000000071267fcc0}> (0x000000071267fcc0) 
thrown [s\open\src\hotspot\share\prims\jni.cpp, line 520]
Event: 0.371 Thread 0x000001d1c72596f0 Exception <a 'sun/nio/fs/WindowsException'{0x0000000712689b58}> (0x0000000712689b58) 
thrown [s\open\src\hotspot\share\prims\jni.cpp, line 520]
Event: 0.371 Thread 0x000001d1c72596f0 Exception <a 'sun/nio/fs/WindowsException'{0x0000000712689e28}> (0x0000000712689e28) 
thrown [s\open\src\hotspot\share\prims\jni.cpp, line 520]

ZGC Phase Switch (0 events):
No events

VM Operations (14 events):
Event: 0.052 Executing VM operation: HandshakeAllThreads (Deoptimize)
Event: 0.052 Executing VM operation: HandshakeAllThreads (Deoptimize) done
Event: 0.118 Executing VM operation: HandshakeAllThreads (Deoptimize)
Event: 0.118 Executing VM operation: HandshakeAllThreads (Deoptimize) done
Event: 0.134 Executing VM operation: HandshakeAllThreads (Deoptimize)
Event: 0.134 Executing VM operation: HandshakeAllThreads (Deoptimize) done
Event: 0.134 Executing VM operation: HandshakeAllThreads (Deoptimize)
Event: 0.134 Executing VM operation: HandshakeAllThreads (Deoptimize) done
Event: 0.244 Executing VM operation: ICBufferFull
Event: 0.244 Executing VM operation: ICBufferFull done
Event: 0.264 Executing VM operation: HandshakeAllThreads (Deoptimize)
Event: 0.264 Executing VM operation: HandshakeAllThreads (Deoptimize) done
Event: 0.296 Executing VM operation: HandshakeAllThreads (Deoptimize)
Event: 0.296 Executing VM operation: HandshakeAllThreads (Deoptimize) done

Memory protections (0 events):
No events

Nmethod flushes (0 events):
No events

Events (20 events):
Event: 0.025 Thread 0x000001d1c72596f0 Thread added: 0x000001d1e9032d00
Event: 0.025 Thread 0x000001d1c72596f0 Thread added: 0x000001d1e9033d10
Event: 0.025 Thread 0x000001d1c72596f0 Thread added: 0x000001d1e903a260
Event: 0.025 Thread 0x000001d1c72596f0 Thread added: 0x000001d1e903d710
Event: 0.025 Thread 0x000001d1c72596f0 Thread added: 0x000001d1e903e260
Event: 0.025 Thread 0x000001d1c72596f0 Thread added: 0x000001d1e903fdc0
Event: 0.025 Thread 0x000001d1c72596f0 Thread added: 0x000001d1e9044060
Event: 0.025 Thread 0x000001d1c72596f0 Thread added: 0x000001d1e90525d0
Event: 0.049 Thread 0x000001d1c72596f0 Thread added: 0x000001d1c521f6a0
Event: 0.052 Thread 0x000001d1e90525d0 Thread added: 0x000001d1e9051f00
Event: 0.052 Thread 0x000001d1e90525d0 Thread added: 0x000001d1e904fcf0
Event: 0.056 Thread 0x000001d1e90525d0 Thread added: 0x000001d1e9050a90
Event: 0.087 Thread 0x000001d1c72596f0 Thread added: 0x000001d1c548de00
Event: 0.087 Thread 0x000001d1c72596f0 Thread added: 0x000001d1c548ec80
Event: 0.106 Thread 0x000001d1e9051f00 Thread added: 0x000001d1e9051830
Event: 0.235 Thread 0x000001d1e904fcf0 Thread added: 0x000001d1e9052ca0
Event: 0.236 Thread 0x000001d1e9052ca0 Thread added: 0x000001d1e90503c0
Event: 0.237 Thread 0x000001d1e9051830 Thread added: 0x000001d1e9053370
Event: 0.305 Thread 0x000001d1e903d710 Thread added: 0x000001d1ea0669a0
Event: 0.350 Thread 0x000001d1ea0669a0 Thread added: 0x000001d1e9e87a80


Dynamic libraries:
0x00007ff600c00000 - 0x00007ff600c0e000 	C:\Users\crhen\.jdks\openjdk-22.0.2\bin\java.exe
0x00007ffda0c50000 - 0x00007ffda0e67000 	C:\WINDOWS\SYSTEM32\ntdll.dll
0x00007ffd9f770000 - 0x00007ffd9f834000 	C:\WINDOWS\System32\KERNEL32.DLL
0x00007ffd9e1e0000 - 0x00007ffd9e58d000 	C:\WINDOWS\System32\KERNELBASE.dll
0x00007ffd9e860000 - 0x00007ffd9e971000 	C:\WINDOWS\System32\ucrtbase.dll
0x00007ffd99590000 - 0x00007ffd995a7000 	C:\Users\crhen\.jdks\openjdk-22.0.2\bin\jli.dll
0x00007ffd99260000 - 0x00007ffd9927b000 	C:\Users\crhen\.jdks\openjdk-22.0.2\bin\VCRUNTIME140.dll
0x00007ffda07b0000 - 0x00007ffda095e000 	C:\WINDOWS\System32\USER32.dll
0x00007ffd9e590000 - 0x00007ffd9e5b6000 	C:\WINDOWS\System32\win32u.dll
0x00007ffd7f330000 - 0x00007ffd7f5c3000 	C:\WINDOWS\WinSxS\amd64_microsoft.windows.common-controls_6595b64144ccf1df_6.0.22621.3672_none_2713b9d173822955\COMCTL32.dll
0x00007ffd9ee00000 - 0x00007ffd9ee29000 	C:\WINDOWS\System32\GDI32.dll
0x00007ffd9f200000 - 0x00007ffd9f2a7000 	C:\WINDOWS\System32\msvcrt.dll
0x00007ffd9e0c0000 - 0x00007ffd9e1d9000 	C:\WINDOWS\System32\gdi32full.dll
0x00007ffd9df70000 - 0x00007ffd9e00a000 	C:\WINDOWS\System32\msvcp_win.dll
0x00007ffda0a40000 - 0x00007ffda0a71000 	C:\WINDOWS\System32\IMM32.DLL
0x00007ffd992c0000 - 0x00007ffd992cc000 	C:\Users\crhen\.jdks\openjdk-22.0.2\bin\vcruntime140_1.dll
0x00007ffd988b0000 - 0x00007ffd9893e000 	C:\Users\crhen\.jdks\openjdk-22.0.2\bin\msvcp140.dll
0x00007ffd145c0000 - 0x00007ffd15309000 	C:\Users\crhen\.jdks\openjdk-22.0.2\bin\server\jvm.dll
0x00007ffd9fab0000 - 0x00007ffd9fb62000 	C:\WINDOWS\System32\ADVAPI32.dll
0x00007ffda0b60000 - 0x00007ffda0c09000 	C:\WINDOWS\System32\sechost.dll
0x00007ffd9e090000 - 0x00007ffd9e0b8000 	C:\WINDOWS\System32\bcrypt.dll
0x00007ffd9f2b0000 - 0x00007ffd9f3c4000 	C:\WINDOWS\System32\RPCRT4.dll
0x00007ffda0ae0000 - 0x00007ffda0b51000 	C:\WINDOWS\System32\WS2_32.dll
0x00007ffd9ce20000 - 0x00007ffd9ce6d000 	C:\WINDOWS\SYSTEM32\POWRPROF.dll
0x00007ffd8aa20000 - 0x00007ffd8aa54000 	C:\WINDOWS\SYSTEM32\WINMM.dll
0x00007ffd953a0000 - 0x00007ffd953aa000 	C:\WINDOWS\SYSTEM32\VERSION.dll
0x00007ffd9ce00000 - 0x00007ffd9ce13000 	C:\WINDOWS\SYSTEM32\UMPDC.dll
0x00007ffd9d0b0000 - 0x00007ffd9d0c8000 	C:\WINDOWS\SYSTEM32\kernel.appcore.dll
0x00007ffd99250000 - 0x00007ffd9925a000 	C:\Users\crhen\.jdks\openjdk-22.0.2\bin\jimage.dll
0x00007ffd9c420000 - 0x00007ffd9c652000 	C:\WINDOWS\SYSTEM32\DBGHELP.DLL
0x00007ffd9f3e0000 - 0x00007ffd9f76e000 	C:\WINDOWS\System32\combase.dll
0x00007ffd9fc70000 - 0x00007ffd9fd47000 	C:\WINDOWS\System32\OLEAUT32.dll
0x00007ffd72fa0000 - 0x00007ffd72fd2000 	C:\WINDOWS\SYSTEM32\dbgcore.DLL
0x00007ffd9e010000 - 0x00007ffd9e08b000 	C:\WINDOWS\System32\bcryptPrimitives.dll
0x00007ffd98a80000 - 0x00007ffd98a8f000 	C:\Users\crhen\.jdks\openjdk-22.0.2\bin\instrument.dll
0x00007ffd99200000 - 0x00007ffd9921e000 	C:\Users\crhen\.jdks\openjdk-22.0.2\bin\java.dll
0x00007ffd9fe60000 - 0x00007ffda06c7000 	C:\WINDOWS\System32\SHELL32.dll
0x00007ffd9f050000 - 0x00007ffd9f1f5000 	C:\WINDOWS\System32\ole32.dll
0x00007ffd9ba70000 - 0x00007ffd9c36f000 	C:\WINDOWS\SYSTEM32\windows.storage.dll
0x00007ffd9b930000 - 0x00007ffd9ba6f000 	C:\WINDOWS\SYSTEM32\wintypes.dll
0x00007ffd9fb70000 - 0x00007ffd9fc69000 	C:\WINDOWS\System32\SHCORE.dll
0x00007ffda0730000 - 0x00007ffda078e000 	C:\WINDOWS\System32\shlwapi.dll
0x00007ffd9dea0000 - 0x00007ffd9dec7000 	C:\WINDOWS\SYSTEM32\profapi.dll
0x00007ffd84e10000 - 0x00007ffd84ee7000 	C:\Users\crhen\.jdks\openjdk-22.0.2\bin\jsvml.dll
0x00007ffd98490000 - 0x00007ffd984a7000 	C:\Users\crhen\.jdks\openjdk-22.0.2\bin\zip.dll
0x00007ffd98b90000 - 0x00007ffd98ba0000 	C:\Users\crhen\.jdks\openjdk-22.0.2\bin\net.dll
0x00007ffd9d520000 - 0x00007ffd9d589000 	C:\WINDOWS\system32\mswsock.dll
0x00007ffd98810000 - 0x00007ffd98826000 	C:\Users\crhen\.jdks\openjdk-22.0.2\bin\nio.dll
0x00007ffd97e60000 - 0x00007ffd97e7a000 	C:\Program Files\JetBrains\IntelliJ IDEA 2024.2.1\bin\breakgen64.dll
0x00007ffd978d0000 - 0x00007ffd978d9000 	C:\Users\crhen\.jdks\openjdk-22.0.2\bin\extnet.dll
0x00007ffd9cb00000 - 0x00007ffd9cbf8000 	C:\WINDOWS\SYSTEM32\DNSAPI.dll
0x00007ffd9cad0000 - 0x00007ffd9cafd000 	C:\WINDOWS\SYSTEM32\IPHLPAPI.DLL
0x00007ffd9fd50000 - 0x00007ffd9fd59000 	C:\WINDOWS\System32\NSI.dll
0x00007ffd70940000 - 0x00007ffd709bb000 	C:\Users\crhen\AppData\Local\Temp\lwjgl_crhen\3.3.3+5\x64\lwjgl.dll
0x0000000061870000 - 0x0000000061896000 	C:\Program Files\Bonjour\mdnsNSP.dll
0x00007ffd94380000 - 0x00007ffd9438a000 	C:\Windows\System32\rasadhlp.dll
0x00007ffd99e00000 - 0x00007ffd99e83000 	C:\WINDOWS\System32\fwpuclnt.dll
0x00007ffd98470000 - 0x00007ffd9847a000 	C:\Users\crhen\.jdks\openjdk-22.0.2\bin\management.dll
0x00007ffd98460000 - 0x00007ffd9846b000 	C:\Users\crhen\.jdks\openjdk-22.0.2\bin\management_ext.dll
0x00007ffd9ee50000 - 0x00007ffd9ee58000 	C:\WINDOWS\System32\PSAPI.DLL
0x00007ffd708b0000 - 0x00007ffd70932000 	C:\Users\crhen\AppData\Local\Temp\lwjgl_crhen\3.3.3+5\x64\glfw.dll
0x00007ffd90f90000 - 0x00007ffd90fd6000 	C:\WINDOWS\SYSTEM32\dinput8.dll
0x00007ffd73040000 - 0x00007ffd73051000 	C:\WINDOWS\SYSTEM32\xinput1_4.dll
0x00007ffd9dc80000 - 0x00007ffd9dcac000 	C:\WINDOWS\SYSTEM32\DEVOBJ.dll
0x00007ffd9dc30000 - 0x00007ffd9dc7e000 	C:\WINDOWS\SYSTEM32\cfgmgr32.dll
0x00007ffd9afb0000 - 0x00007ffd9afdb000 	C:\WINDOWS\SYSTEM32\dwmapi.dll
0x00007ffd97b40000 - 0x00007ffd97d53000 	C:\WINDOWS\SYSTEM32\inputhost.dll
0x00007ffd97410000 - 0x00007ffd97543000 	C:\WINDOWS\SYSTEM32\CoreMessaging.dll
0x00007ffd9ad20000 - 0x00007ffd9add1000 	C:\WINDOWS\system32\uxtheme.dll
0x00007ffd9eef0000 - 0x00007ffd9f04e000 	C:\WINDOWS\System32\MSCTF.dll
0x00007ffd9d790000 - 0x00007ffd9d79c000 	C:\WINDOWS\SYSTEM32\CRYPTBASE.DLL
0x00007ffd83e90000 - 0x00007ffd83f90000 	C:\WINDOWS\SYSTEM32\opengl32.dll
0x00007ffd97a40000 - 0x00007ffd97a6d000 	C:\WINDOWS\SYSTEM32\GLU32.dll
0x00007ffd9b1f0000 - 0x00007ffd9b227000 	C:\WINDOWS\SYSTEM32\dxcore.dll
0x00007ffd9fa00000 - 0x00007ffd9fab0000 	C:\WINDOWS\System32\clbcatq.dll
0x00007ffd2b720000 - 0x00007ffd2f9ac000 	C:\WINDOWS\System32\DriverStore\FileRepository\nvlti.inf_amd64_13e554e5b0753033\nvoglv64.dll
0x00007ffd9e980000 - 0x00007ffd9edf4000 	C:\WINDOWS\System32\SETUPAPI.dll
0x00007ffd9ce70000 - 0x00007ffd9ce84000 	C:\WINDOWS\SYSTEM32\WTSAPI32.dll
0x00007ffd9dc10000 - 0x00007ffd9dc22000 	C:\WINDOWS\SYSTEM32\msasn1.dll
0x00007ffd95360000 - 0x00007ffd95392000 	C:\WINDOWS\SYSTEM32\cryptnet.dll
0x00007ffd9e6f0000 - 0x00007ffd9e856000 	C:\WINDOWS\System32\CRYPT32.dll
0x00007ffd951f0000 - 0x00007ffd95352000 	C:\WINDOWS\SYSTEM32\drvstore.dll
0x00007ffd9d820000 - 0x00007ffd9d869000 	C:\WINDOWS\SYSTEM32\wldp.dll
0x00007ffd9e680000 - 0x00007ffd9e6eb000 	C:\WINDOWS\System32\WINTRUST.dll
0x00007ffd9d1c0000 - 0x00007ffd9d1f4000 	C:\WINDOWS\SYSTEM32\ntmarta.dll
0x00007ffd88650000 - 0x00007ffd88921000 	C:\WINDOWS\system32\nvspcap64.dll
0x00007ffd9d770000 - 0x00007ffd9d78b000 	C:\WINDOWS\SYSTEM32\CRYPTSP.dll
0x00007ffd9d010000 - 0x00007ffd9d045000 	C:\WINDOWS\system32\rsaenh.dll
0x00007ffd9d610000 - 0x00007ffd9d638000 	C:\WINDOWS\SYSTEM32\USERENV.dll
0x00007ffd716d0000 - 0x00007ffd716e7000 	C:\WINDOWS\system32\napinsp.dll
0x00007ffd716b0000 - 0x00007ffd716cb000 	C:\WINDOWS\system32\pnrpnsp.dll
0x00007ffd71690000 - 0x00007ffd716a1000 	C:\WINDOWS\System32\winrnr.dll
0x00007ffd5f080000 - 0x00007ffd5f095000 	C:\WINDOWS\system32\wshbth.dll
0x00007ffd71660000 - 0x00007ffd71687000 	C:\WINDOWS\system32\nlansp_c.dll
0x00007ffd9ca50000 - 0x00007ffd9cab6000 	C:\WINDOWS\SYSTEM32\WINSTA.dll
0x00007ffd88fe0000 - 0x00007ffd89123000 	C:\WINDOWS\SYSTEM32\textinputframework.dll
0x00007ffd92ff0000 - 0x00007ffd9335d000 	C:\WINDOWS\SYSTEM32\CoreUIComponents.dll
0x00007ffd83f90000 - 0x00007ffd83fee000 	C:\Users\crhen\AppData\Local\Temp\lwjgl_crhen\3.3.3+5\x64\lwjgl_opengl.dll
0x00007ffd8c960000 - 0x00007ffd8c9b9000 	C:\WINDOWS\SYSTEM32\pdh.dll

dbghelp: loaded successfully - version: 4.0.5 - missing functions: none
symbol engine: initialized successfully - sym options: 0x614 - pdb path: .;C:\Users\crhen\.jdks\openjdk-22.0.2\bin;C:\WINDOWS\SYSTEM32;C:\WINDOWS\WinSxS\amd64_microsoft.windows.common-controls_6595b64144ccf1df_6.0.22621.3672_none_2713b9d173822955;C:\Users\crhen\.jdks\openjdk-22.0.2\bin\server;C:\Program Files\JetBrains\IntelliJ IDEA 2024.2.1\bin;C:\Users\crhen\AppData\Local\Temp\lwjgl_crhen\3.3.3+5\x64;C:\Program Files\Bonjour;C:\WINDOWS\System32\DriverStore\FileRepository\nvlti.inf_amd64_13e554e5b0753033

VM Arguments:
jvm_args: -javaagent:C:\Program Files\JetBrains\IntelliJ IDEA 2024.2.1\lib\idea_rt.jar=50581:C:\Program Files\JetBrains\IntelliJ IDEA 2024.2.1\bin -Dfile.encoding=UTF-8 -Dsun.stdout.encoding=UTF-8 -Dsun.stderr.encoding=UTF-8 
java_command: pkgDriver.csc133Driver
java_class_path (initial): C:\Users\crhen\IdeaProjects\CSC133\out\production\classes;C:\Users\crhen\.gradle\caches\modules-2\files-2.1\org.lwjgl\lwjgl-assimp\3.3.3\c2c34011cbda30ed8cf98bc5cbf97b49afe5279a\lwjgl-assimp-3.3.3.jar;C:\Users\crhen\.gradle\caches\modules-2\files-2.1\org.lwjgl\lwjgl-cuda\3.3.3\e2de3beeba3e4c826317e31519a40f0585160acf\lwjgl-cuda-3.3.3.jar;C:\Users\crhen\.gradle\caches\modules-2\files-2.1\org.lwjgl\lwjgl-freetype\3.3.3\a0db6c84a8becc8ca05f9dbfa985edc348a824c7\lwjgl-freetype-3.3.3.jar;C:\Users\crhen\.gradle\caches\modules-2\files-2.1\org.lwjgl\lwjgl-glfw\3.3.3\efa1eb78c5ccd840e9f329717109b5e892d72f8e\lwjgl-glfw-3.3.3.jar;C:\Users\crhen\.gradle\caches\modules-2\files-2.1\org.lwjgl\lwjgl-hwloc\3.3.3\68333a022d5842b7bff95c70e4c3e1b2f126e783\lwjgl-hwloc-3.3.3.jar;C:\Users\crhen\.gradle\caches\modules-2\files-2.1\org.lwjgl\lwjgl-jawt\3.3.3\15479071013804d88cc810856fcc2548b457376c\lwjgl-jawt-3.3.3.jar;C:\Users\crhen\.gradle\caches\modules-2\files-2.1\org.lwjgl\lwjgl-nanovg\3.3.3\37f0b9fc142948c3b2c6cd563db7233b14b9640c\lwjgl-nanovg-3.3.3.jar;C:\Users\crhen\.gradle\caches\modules-2\files-2.1\org.lwjgl\lwjgl-nfd\3.3.3\f1b41d3a0a2f5cd2a55a6a59a618c87d0348681c\lwjgl-nfd-3.3.3.jar;C:\Users\crhen\.gradle\caches\modules-2\files-2.1\org.lwjgl\lwjgl-nuklear\3.3.3\d120a8ab01987e285f83f43f862bef728011d97d\lwjgl-nuklear-3.3.3.jar;C:\Users\crhen\.gradle\caches\modules-2\files-2.1\org.lwjgl\lwjgl-odbc\3.3.3\1719d4813fba2b4272afddcf30db98ec32e8bd37\lwjgl-odbc-3.3.3.jar;C:\Users\crhen\.gradle\caches\modules-2\files-2.1\org.lwjgl\lwjgl-openal\3.3.3\daada81ceb5fc0c291fbfdd4433cb8d9423577f2\lwjgl-openal-3.3.3.jar;C:\Users\crhen\.gradle\caches\modules-2\files-2.1\org.lwjgl\lwjgl-opencl\3.3.3\fdf4a5cce0b7499914ac96a87d75fa895a4e0699\lwjgl-opencl-3.3.3.jar;C:\Users\crhen\.gradle\caches\modules-2\files-2.1\org.lwjgl\lwjgl-opengl\3.3.3\2f6b0147078396a58979125a4c947664e98293a\lwjgl-opengl-3.3.3.jar;C:\Users\crhen\.gradle\caches\modules-2\files-2.1\org.lwjgl\lwjgl-shaderc\3.3.3\ae740d58fdc809c4350358a872b076bacbec27c1\lwjgl-shaderc-3.3.3.jar;C:\Users\crhen\.gradle\caches\modules-2\files-2.1\org.lwjgl\lwjgl-stb\3.3.3\25dd6161988d7e65f71d5065c99902402ee32746\lwjgl-stb-3.3.3.jar;C:\Users\crhen\.gradle\caches\modules-2\files-2.1\org.lwjgl\lwjgl-tootle\3.3.3\c6989921add57a1f59936bc4544431df4b837c8b\lwjgl-tootle-3.3.3.jar;C:\Users\crhen\.gradle\caches\modules-2\files-2.1\org.lwjgl\lwjgl\3.3.3\29589b5f87ed335a6c7e7ee6a5775f81f97ecb84\lwjgl-3.3.3.jar;C:\Users\crhen\.gradle\caches\modules-2\files-2.1\org.joml\joml\1.10.5\22566d58af70ad3d72308bab63b8339906deb649\joml-1.10.5.jar;C:\Users\crhen\.gradle\caches\modules-2\files-2.1\org.lwjgl\lwjgl-assimp\3.3.3\d90ccdade594716062975cffd1431d387f770ac4\lwjgl-assimp-3.3.3-natives-windows.jar;C:\Users\crhen\.gradle\caches\modules-2\files-2.1\org.lwjgl\lwjgl-freetype\3.3.3\81091b006dbb43fab04c8c638e9ac87c51b4096d\lwjgl-freetype-3.3.3-natives-windows.jar;C:\Users\crhen\.gradle\caches\modules-2\files-2.1\org.lwjgl\lwjgl-glfw\3.3.3\e449e28b4891fc423c54c85fbc5bb0b9efece67a\lwjgl-glfw-3.3.3-natives-windows.jar;C:\Users\crhen\.gradle\caches\modules-2\files-2.1\org.lwjgl\lwjgl-hwloc\3.3.3\ea032ea737568d700f43cc9f052d51384ce20ebe\lwjgl-hwloc-3.3.3-natives-windows.jar;C:\Users\crhen\.gradle\caches\modules-2\files-2.1\org.lwjgl\lwjgl-nanovg\3.3.3\ccfbc346c4ce0737b7fe758d6337a3741af2f256\lwjgl-nanovg-3.3.3-natives-windows.jar;C:\Users\crhen\.gradle\caches\modules-2\files-2.1\org.lwjgl\lwjgl-nfd\3.3.3\3a39132eef695dcb7631adc1d02e493527940d10\lwjgl-nfd-3.3.3-natives-windows.jar;C:\Users\crhen\.gradle\caches\modules-2\files-2.1\org.lwjgl\lwjgl-nuklear\3.3.3\3132690c8cbbdd7c948eb233610151b6a6c62b9a\lwjgl-nuklear-3.3.3-natives-windows.jar;C:\Users\crhen\.gradle\caches\modules-2\files-2.1\org.lwjgl\lwjgl-openal\3.3.3\cf83862ae95d98496b26915024c7e666d8ab1c8f\lwjgl-openal-3.3.3-natives-windows.jar;C:\Users\crhen\.gradle\caches\modules-2\files-2.1\org.lwjgl\lwjgl-opengl\3.3.3\e6c1eec8be8a71951b830a4d69efc01c6531900c\lwjgl-opengl-3.3.3-natives-windows.jar;C:\Users\crhen\.gradle\caches\modules-2\files-2.1\org.lwjgl\lwjgl-shaderc\3.3.3\2bdcb9d4c1a8debf8c82dcb6968c3f23f126af6b\lwjgl-shaderc-3.3.3-natives-windows.jar;C:\Users\crhen\.gradle\caches\modules-2\files-2.1\org.lwjgl\lwjgl-stb\3.3.3\1d9facdf6541de114b0f963be33505b7679c78cb\lwjgl-stb-3.3.3-natives-windows.jar;C:\Users\crhen\.gradle\caches\modules-2\files-2.1\org.lwjgl\lwjgl-tootle\3.3.3\6de41fb81ea077cb3829b25c6636987f011997fc\lwjgl-tootle-3.3.3-natives-windows.jar;C:\Users\crhen\.gradle\caches\modules-2\files-2.1\org.lwjgl\lwjgl\3.3.3\a5ed18a2b82fc91b81f40d717cb1f64c9dcb0540\lwjgl-3.3.3-natives-windows.jar
Launcher Type: SUN_STANDARD

[Global flags]
     intx CICompilerCount                          = 12                                        {product} {ergonomic}
     uint ConcGCThreads                            = 3                                         {product} {ergonomic}
     uint G1ConcRefinementThreads                  = 13                                        {product} {ergonomic}
   size_t G1HeapRegionSize                         = 2097152                                   {product} {ergonomic}
   size_t InitialHeapSize                          = 266338304                                 {product} {ergonomic}
   size_t MarkStackSize                            = 4194304                                   {product} {ergonomic}
   size_t MaxHeapSize                              = 4234149888                                {product} {ergonomic}
   size_t MaxNewSize                               = 2539651072                                {product} {ergonomic}
   size_t MinHeapDeltaBytes                        = 2097152                                   {product} {ergonomic}
   size_t MinHeapSize                              = 8388608                                   {product} {ergonomic}
    uintx NonNMethodCodeHeapSize                   = 7602480                                {pd product} {ergonomic}
    uintx NonProfiledCodeHeapSize                  = 122027880                              {pd product} {ergonomic}
    uintx ProfiledCodeHeapSize                     = 122027880                              {pd product} {ergonomic}
    uintx ReservedCodeCacheSize                    = 251658240                              {pd product} {ergonomic}
     bool SegmentedCodeCache                       = true                                      {product} {ergonomic}
   size_t SoftMaxHeapSize                          = 4234149888                             {manageable} {ergonomic}
     bool UseCompressedOops                        = true                           {product lp64_product} {ergonomic}
     bool UseG1GC                                  = true                                      {product} {ergonomic}
     bool UseLargePagesIndividualAllocation        = false                                  {pd product} {ergonomic}

Logging:
Log output configuration:
 #0: stdout all=warning uptime,level,tags foldmultilines=false
 #1: stderr all=off uptime,level,tags foldmultilines=false

Environment Variables:
PATH=C:\Program Files (x86)\Common Files\Oracle\Java\javapath;C:\Windows\system32;C:\Windows;C:\Windows\System32\Wbem;C:\Windows\System32\WindowsPowerShell\v1.0\;C:\Windows\System32\OpenSSH\;C:\Program Files (x86)\NVIDIA Corporation\PhysX\Common;C:\Program Files\NVIDIA Corporation\NVIDIA NvDLISR;C:\Program Files\dotnet\;C:\WINDOWS\system32;C:\WINDOWS;C:\WINDOWS\System32\Wbem;C:\WINDOWS\System32\WindowsPowerShell\v1.0\;C:\WINDOWS\System32\OpenSSH\;C:\Program Files\PuTTY\;C:\Program Files\Git\cmd;C:\Users\crhen\AppData\Local\Microsoft\WindowsApps;;C:\Program Files\JetBrains\IntelliJ IDEA 2024.2.1\bin;
USERNAME=crhen
OS=Windows_NT
PROCESSOR_IDENTIFIER=Intel64 Family 6 Model 141 Stepping 1, GenuineIntel
TMP=C:\Users\crhen\AppData\Local\Temp
TEMP=C:\Users\crhen\AppData\Local\Temp




Periodic native trim disabled

---------------  S Y S T E M  ---------------

OS:
 Windows 11 , 64 bit Build 22621 (10.0.22621.3958)
OS uptime: 18 days 14:49 hours

CPU: total 16 (initial active 16) (8 cores per cpu, 2 threads per core) family 6 model 141 stepping 1 microcode 0x3c, cx8, cmov, fxsr, ht, mmx, 3dnowpref, sse, sse2, sse3, ssse3, sse4.1, sse4.2, popcnt, lzcnt, tsc, tscinvbit, avx, avx2, aes, erms, clmul, bmi1, bmi2, adx, avx512f, avx512dq, avx512cd, avx512bw, avx512vl, sha, fma, vzeroupper, avx512_vpopcntdq, avx512_vpclmulqdq, avx512_vaes, avx512_vnni, clflush, clflushopt, clwb, avx512_vbmi2, avx512_vbmi, rdtscp, rdpid, fsrm, gfni, avx512_bitalg, f16c, pku, cet_ibt, cet_ss, avx512_ifma
Processor Information for all 16 processors :
  Max Mhz: 2304, Current Mhz: 2304, Mhz Limit: 2304

Memory: 4k page, system-wide physical 16151M (6774M free)
TotalPageFile size 26903M (AvailPageFile size 13748M)
current process WorkingSet (physical memory assigned to process): 125M, peak: 125M
current process commit charge ("private bytes"): 453M, peak: 454M

vm_info: OpenJDK 64-Bit Server VM (22.0.2+9-70) for windows-amd64 JRE (22.0.2+9-70), built on 2024-06-04T16:52:23Z by "mach5one" with MS VC++ 17.6 (VS2022)

END.
